{"timestamp":"2025-09-18T07:41:18.152393","level":"info","event":"DAG bundles loaded: dags-folder, example_dags","logger":"airflow.dag_processing.bundles.manager.DagBundlesManager"}
{"timestamp":"2025-09-18T07:41:18.152833","level":"info","event":"Filling up the DagBag from /opt/airflow/dags/pipeline.py","logger":"airflow.models.dagbag.DagBag"}
{"timestamp":"2025-09-18T07:41:18.170787Z","level":"info","event":"Task instance is in running state","chan":"stdout","logger":"task"}
{"timestamp":"2025-09-18T07:41:18.171150Z","level":"info","event":" Previous state of the Task instance: TaskInstanceState.QUEUED","chan":"stdout","logger":"task"}
{"timestamp":"2025-09-18T07:41:18.171388Z","level":"info","event":"Current task name:gold_etl","chan":"stdout","logger":"task"}
{"timestamp":"2025-09-18T07:41:18.171578Z","level":"info","event":"Dag name:etl_pipeline_dag","chan":"stdout","logger":"task"}
{"timestamp":"2025-09-18T07:41:18.233987Z","level":"info","event":"Elaborazione dati per la data: 2025-09-18","chan":"stdout","logger":"task"}
{"timestamp":"2025-09-18T07:41:18.234250Z","level":"info","event":"Caricamento dati hotels...","chan":"stdout","logger":"task"}
{"timestamp":"2025-09-18T07:41:18.234563","level":"info","event":"Request URL: 'https://iulianoprojectwork.blob.core.windows.net/silver/2025-09-18/hotels.parquet'\nRequest method: 'GET'\nRequest headers:\n    'x-ms-range': 'REDACTED'\n    'x-ms-version': 'REDACTED'\n    'Accept': 'application/xml'\n    'User-Agent': 'azsdk-python-storage-blob/12.26.0 Python/3.12.11 (Linux-6.6.87.2-microsoft-standard-WSL2-x86_64-with-glibc2.36)'\n    'x-ms-date': 'REDACTED'\n    'x-ms-client-request-id': 'dce76312-9462-11f0-bd03-f21cf29515df'\n    'Authorization': 'REDACTED'\nNo body was attached to the request","logger":"azure.core.pipeline.policies.http_logging_policy"}
{"timestamp":"2025-09-18T07:41:18.412528","level":"info","event":"Response status: 206\nResponse headers:\n    'Content-Length': '6127'\n    'Content-Type': 'application/octet-stream'\n    'Content-Range': 'REDACTED'\n    'Last-Modified': 'Thu, 18 Sep 2025 07:41:16 GMT'\n    'Accept-Ranges': 'REDACTED'\n    'ETag': '\"0x8DDF686C04D8C50\"'\n    'Server': 'Windows-Azure-Blob/1.0 Microsoft-HTTPAPI/2.0'\n    'x-ms-request-id': 'dafc5b80-f01e-00bb-306f-28805c000000'\n    'x-ms-client-request-id': 'dce76312-9462-11f0-bd03-f21cf29515df'\n    'x-ms-version': 'REDACTED'\n    'x-ms-resource-type': 'REDACTED'\n    'x-ms-creation-time': 'REDACTED'\n    'x-ms-blob-content-md5': 'REDACTED'\n    'x-ms-lease-status': 'REDACTED'\n    'x-ms-lease-state': 'REDACTED'\n    'x-ms-blob-type': 'REDACTED'\n    'x-ms-server-encrypted': 'REDACTED'\n    'x-ms-owner': 'REDACTED'\n    'x-ms-group': 'REDACTED'\n    'x-ms-permissions': 'REDACTED'\n    'x-ms-acl': 'REDACTED'\n    'Date': 'Thu, 18 Sep 2025 07:41:16 GMT'","logger":"azure.core.pipeline.policies.http_logging_policy"}
{"timestamp":"2025-09-18T07:41:18.429198Z","level":"info","event":"  Caricati 7 record da hotels","chan":"stdout","logger":"task"}
{"timestamp":"2025-09-18T07:41:18.429503Z","level":"info","event":"  Colonne: ['hotel_id', 'hotel_name', 'stars', 'country', 'ingestion_date', 'dq_missing_hotel_id', 'dq_missing_hotel_name', 'dq_missing_stars', 'dq_missing_country', 'dq_missing_ingestion_date']","chan":"stdout","logger":"task"}
{"timestamp":"2025-09-18T07:41:18.430411Z","level":"info","event":"  Tipi: hotel_id                     object","chan":"stdout","logger":"task"}
{"timestamp":"2025-09-18T07:41:18.430634Z","level":"info","event":"hotel_name                   object","chan":"stdout","logger":"task"}
{"timestamp":"2025-09-18T07:41:18.430797Z","level":"info","event":"stars                         int64","chan":"stdout","logger":"task"}
{"timestamp":"2025-09-18T07:41:18.430924Z","level":"info","event":"country                      object","chan":"stdout","logger":"task"}
{"timestamp":"2025-09-18T07:41:18.431040Z","level":"info","event":"ingestion_date               object","chan":"stdout","logger":"task"}
{"timestamp":"2025-09-18T07:41:18.431270Z","level":"info","event":"dq_missing_hotel_id            bool","chan":"stdout","logger":"task"}
{"timestamp":"2025-09-18T07:41:18.431428Z","level":"info","event":"dq_missing_hotel_name          bool","chan":"stdout","logger":"task"}
{"timestamp":"2025-09-18T07:41:18.431559Z","level":"info","event":"dq_missing_stars               bool","chan":"stdout","logger":"task"}
{"timestamp":"2025-09-18T07:41:18.431920Z","level":"info","event":"dq_missing_country             bool","chan":"stdout","logger":"task"}
{"timestamp":"2025-09-18T07:41:18.432071Z","level":"info","event":"dq_missing_ingestion_date      bool","chan":"stdout","logger":"task"}
{"timestamp":"2025-09-18T07:41:18.432257Z","level":"info","event":"dtype: object","chan":"stdout","logger":"task"}
{"timestamp":"2025-09-18T07:41:18.432428Z","level":"info","event":"Caricamento dati rooms...","chan":"stdout","logger":"task"}
{"timestamp":"2025-09-18T07:41:18.430981","level":"info","event":"Request URL: 'https://iulianoprojectwork.blob.core.windows.net/silver/2025-09-18/rooms.parquet'\nRequest method: 'GET'\nRequest headers:\n    'x-ms-range': 'REDACTED'\n    'x-ms-version': 'REDACTED'\n    'Accept': 'application/xml'\n    'User-Agent': 'azsdk-python-storage-blob/12.26.0 Python/3.12.11 (Linux-6.6.87.2-microsoft-standard-WSL2-x86_64-with-glibc2.36)'\n    'x-ms-date': 'REDACTED'\n    'x-ms-client-request-id': 'dd055f02-9462-11f0-bd03-f21cf29515df'\n    'Authorization': 'REDACTED'\nNo body was attached to the request","logger":"azure.core.pipeline.policies.http_logging_policy"}
{"timestamp":"2025-09-18T07:41:18.461193","level":"info","event":"Response status: 206\nResponse headers:\n    'Content-Length': '8532'\n    'Content-Type': 'application/octet-stream'\n    'Content-Range': 'REDACTED'\n    'Last-Modified': 'Thu, 18 Sep 2025 07:41:16 GMT'\n    'Accept-Ranges': 'REDACTED'\n    'ETag': '\"0x8DDF686C0538A0C\"'\n    'Server': 'Windows-Azure-Blob/1.0 Microsoft-HTTPAPI/2.0'\n    'x-ms-request-id': 'dafc5b85-f01e-00bb-326f-28805c000000'\n    'x-ms-client-request-id': 'dd055f02-9462-11f0-bd03-f21cf29515df'\n    'x-ms-version': 'REDACTED'\n    'x-ms-resource-type': 'REDACTED'\n    'x-ms-creation-time': 'REDACTED'\n    'x-ms-blob-content-md5': 'REDACTED'\n    'x-ms-lease-status': 'REDACTED'\n    'x-ms-lease-state': 'REDACTED'\n    'x-ms-blob-type': 'REDACTED'\n    'x-ms-server-encrypted': 'REDACTED'\n    'x-ms-owner': 'REDACTED'\n    'x-ms-group': 'REDACTED'\n    'x-ms-permissions': 'REDACTED'\n    'x-ms-acl': 'REDACTED'\n    'Date': 'Thu, 18 Sep 2025 07:41:16 GMT'","logger":"azure.core.pipeline.policies.http_logging_policy"}
{"timestamp":"2025-09-18T07:41:18.464799Z","level":"info","event":"  Caricati 200 record da rooms","chan":"stdout","logger":"task"}
{"timestamp":"2025-09-18T07:41:18.465193Z","level":"info","event":"  Colonne: ['room_id', 'hotel_id', 'room_type_code', 'room_type_desc', 'max_occupancy', 'ingestion_date', 'dq_missing_room_id', 'dq_missing_hotel_id', 'dq_missing_room_type_code', 'dq_missing_room_type_desc', 'dq_missing_max_occupancy', 'dq_missing_ingestion_date']","chan":"stdout","logger":"task"}
{"timestamp":"2025-09-18T07:41:18.465428Z","level":"info","event":"  Tipi: room_id                      object","chan":"stdout","logger":"task"}
{"timestamp":"2025-09-18T07:41:18.465585Z","level":"info","event":"hotel_id                     object","chan":"stdout","logger":"task"}
{"timestamp":"2025-09-18T07:41:18.465729Z","level":"info","event":"room_type_code               object","chan":"stdout","logger":"task"}
{"timestamp":"2025-09-18T07:41:18.465891Z","level":"info","event":"room_type_desc               object","chan":"stdout","logger":"task"}
{"timestamp":"2025-09-18T07:41:18.466197Z","level":"info","event":"max_occupancy                 int64","chan":"stdout","logger":"task"}
{"timestamp":"2025-09-18T07:41:18.466337Z","level":"info","event":"ingestion_date               object","chan":"stdout","logger":"task"}
{"timestamp":"2025-09-18T07:41:18.466481Z","level":"info","event":"dq_missing_room_id             bool","chan":"stdout","logger":"task"}
{"timestamp":"2025-09-18T07:41:18.466641Z","level":"info","event":"dq_missing_hotel_id            bool","chan":"stdout","logger":"task"}
{"timestamp":"2025-09-18T07:41:18.466817Z","level":"info","event":"dq_missing_room_type_code      bool","chan":"stdout","logger":"task"}
{"timestamp":"2025-09-18T07:41:18.466954Z","level":"info","event":"dq_missing_room_type_desc      bool","chan":"stdout","logger":"task"}
{"timestamp":"2025-09-18T07:41:18.467179Z","level":"info","event":"dq_missing_max_occupancy       bool","chan":"stdout","logger":"task"}
{"timestamp":"2025-09-18T07:41:18.467297Z","level":"info","event":"dq_missing_ingestion_date      bool","chan":"stdout","logger":"task"}
{"timestamp":"2025-09-18T07:41:18.467409Z","level":"info","event":"dtype: object","chan":"stdout","logger":"task"}
{"timestamp":"2025-09-18T07:41:18.467551Z","level":"info","event":"Caricamento dati customers...","chan":"stdout","logger":"task"}
{"timestamp":"2025-09-18T07:41:18.465886","level":"info","event":"Request URL: 'https://iulianoprojectwork.blob.core.windows.net/silver/2025-09-18/customers.parquet'\nRequest method: 'GET'\nRequest headers:\n    'x-ms-range': 'REDACTED'\n    'x-ms-version': 'REDACTED'\n    'Accept': 'application/xml'\n    'User-Agent': 'azsdk-python-storage-blob/12.26.0 Python/3.12.11 (Linux-6.6.87.2-microsoft-standard-WSL2-x86_64-with-glibc2.36)'\n    'x-ms-date': 'REDACTED'\n    'x-ms-client-request-id': 'dd0ab0b0-9462-11f0-bd03-f21cf29515df'\n    'Authorization': 'REDACTED'\nNo body was attached to the request","logger":"azure.core.pipeline.policies.http_logging_policy"}
{"timestamp":"2025-09-18T07:41:18.499994","level":"info","event":"Response status: 206\nResponse headers:\n    'Content-Length': '50036'\n    'Content-Type': 'application/octet-stream'\n    'Content-Range': 'REDACTED'\n    'Last-Modified': 'Thu, 18 Sep 2025 07:41:17 GMT'\n    'Accept-Ranges': 'REDACTED'\n    'ETag': '\"0x8DDF686C0621820\"'\n    'Server': 'Windows-Azure-Blob/1.0 Microsoft-HTTPAPI/2.0'\n    'x-ms-request-id': 'dafc5b86-f01e-00bb-336f-28805c000000'\n    'x-ms-client-request-id': 'dd0ab0b0-9462-11f0-bd03-f21cf29515df'\n    'x-ms-version': 'REDACTED'\n    'x-ms-resource-type': 'REDACTED'\n    'x-ms-creation-time': 'REDACTED'\n    'x-ms-blob-content-md5': 'REDACTED'\n    'x-ms-lease-status': 'REDACTED'\n    'x-ms-lease-state': 'REDACTED'\n    'x-ms-blob-type': 'REDACTED'\n    'x-ms-server-encrypted': 'REDACTED'\n    'x-ms-owner': 'REDACTED'\n    'x-ms-group': 'REDACTED'\n    'x-ms-permissions': 'REDACTED'\n    'x-ms-acl': 'REDACTED'\n    'Date': 'Thu, 18 Sep 2025 07:41:17 GMT'","logger":"azure.core.pipeline.policies.http_logging_policy"}
{"timestamp":"2025-09-18T07:41:18.524064Z","level":"info","event":"  Caricati 3000 record da customers","chan":"stdout","logger":"task"}
{"timestamp":"2025-09-18T07:41:18.524313Z","level":"info","event":"  Colonne: ['customer_id', 'first_name', 'last_name', 'email', 'country', 'gdpr_optin', 'ingestion_date', 'dq_email_null', 'dq_missing_customer_id', 'dq_missing_first_name', 'dq_missing_last_name', 'dq_missing_email', 'dq_missing_country', 'dq_missing_gdpr_optin', 'dq_missing_ingestion_date', 'dq_missing_dq_email_null']","chan":"stdout","logger":"task"}
{"timestamp":"2025-09-18T07:41:18.524623Z","level":"info","event":"  Tipi: customer_id                  object","chan":"stdout","logger":"task"}
{"timestamp":"2025-09-18T07:41:18.524752Z","level":"info","event":"first_name                   object","chan":"stdout","logger":"task"}
{"timestamp":"2025-09-18T07:41:18.524856Z","level":"info","event":"last_name                    object","chan":"stdout","logger":"task"}
{"timestamp":"2025-09-18T07:41:18.524983Z","level":"info","event":"email                        object","chan":"stdout","logger":"task"}
{"timestamp":"2025-09-18T07:41:18.525085Z","level":"info","event":"country                      object","chan":"stdout","logger":"task"}
{"timestamp":"2025-09-18T07:41:18.525185Z","level":"info","event":"gdpr_optin                    int64","chan":"stdout","logger":"task"}
{"timestamp":"2025-09-18T07:41:18.525280Z","level":"info","event":"ingestion_date               object","chan":"stdout","logger":"task"}
{"timestamp":"2025-09-18T07:41:18.525395Z","level":"info","event":"dq_email_null                  bool","chan":"stdout","logger":"task"}
{"timestamp":"2025-09-18T07:41:18.525645Z","level":"info","event":"dq_missing_customer_id         bool","chan":"stdout","logger":"task"}
{"timestamp":"2025-09-18T07:41:18.525793Z","level":"info","event":"dq_missing_first_name          bool","chan":"stdout","logger":"task"}
{"timestamp":"2025-09-18T07:41:18.525946Z","level":"info","event":"dq_missing_last_name           bool","chan":"stdout","logger":"task"}
{"timestamp":"2025-09-18T07:41:18.526097Z","level":"info","event":"dq_missing_email               bool","chan":"stdout","logger":"task"}
{"timestamp":"2025-09-18T07:41:18.526219Z","level":"info","event":"dq_missing_country             bool","chan":"stdout","logger":"task"}
{"timestamp":"2025-09-18T07:41:18.526347Z","level":"info","event":"dq_missing_gdpr_optin          bool","chan":"stdout","logger":"task"}
{"timestamp":"2025-09-18T07:41:18.526488Z","level":"info","event":"dq_missing_ingestion_date      bool","chan":"stdout","logger":"task"}
{"timestamp":"2025-09-18T07:41:18.526602Z","level":"info","event":"dq_missing_dq_email_null       bool","chan":"stdout","logger":"task"}
{"timestamp":"2025-09-18T07:41:18.526703Z","level":"info","event":"dtype: object","chan":"stdout","logger":"task"}
{"timestamp":"2025-09-18T07:41:18.526793Z","level":"info","event":"Caricamento dati bookings...","chan":"stdout","logger":"task"}
{"timestamp":"2025-09-18T07:41:18.524868","level":"info","event":"Request URL: 'https://iulianoprojectwork.blob.core.windows.net/silver/2025-09-18/bookings.parquet'\nRequest method: 'GET'\nRequest headers:\n    'x-ms-range': 'REDACTED'\n    'x-ms-version': 'REDACTED'\n    'Accept': 'application/xml'\n    'User-Agent': 'azsdk-python-storage-blob/12.26.0 Python/3.12.11 (Linux-6.6.87.2-microsoft-standard-WSL2-x86_64-with-glibc2.36)'\n    'x-ms-date': 'REDACTED'\n    'x-ms-client-request-id': 'dd13b340-9462-11f0-bd03-f21cf29515df'\n    'Authorization': 'REDACTED'\nNo body was attached to the request","logger":"azure.core.pipeline.policies.http_logging_policy"}
{"timestamp":"2025-09-18T07:41:18.556995","level":"info","event":"Response status: 206\nResponse headers:\n    'Content-Length': '152628'\n    'Content-Type': 'application/octet-stream'\n    'Content-Range': 'REDACTED'\n    'Last-Modified': 'Thu, 18 Sep 2025 07:41:17 GMT'\n    'Accept-Ranges': 'REDACTED'\n    'ETag': '\"0x8DDF686C081C040\"'\n    'Server': 'Windows-Azure-Blob/1.0 Microsoft-HTTPAPI/2.0'\n    'x-ms-request-id': 'dafc5b8c-f01e-00bb-386f-28805c000000'\n    'x-ms-client-request-id': 'dd13b340-9462-11f0-bd03-f21cf29515df'\n    'x-ms-version': 'REDACTED'\n    'x-ms-resource-type': 'REDACTED'\n    'x-ms-creation-time': 'REDACTED'\n    'x-ms-blob-content-md5': 'REDACTED'\n    'x-ms-lease-status': 'REDACTED'\n    'x-ms-lease-state': 'REDACTED'\n    'x-ms-blob-type': 'REDACTED'\n    'x-ms-server-encrypted': 'REDACTED'\n    'x-ms-owner': 'REDACTED'\n    'x-ms-group': 'REDACTED'\n    'x-ms-permissions': 'REDACTED'\n    'x-ms-acl': 'REDACTED'\n    'Date': 'Thu, 18 Sep 2025 07:41:17 GMT'","logger":"azure.core.pipeline.policies.http_logging_policy"}
{"timestamp":"2025-09-18T07:41:18.591297Z","level":"info","event":"  Caricati 6000 record da bookings","chan":"stdout","logger":"task"}
{"timestamp":"2025-09-18T07:41:18.591603Z","level":"info","event":"  Colonne: ['booking_id', 'customer_id', 'hotel_id', 'room_id', 'created_at', 'checkin_date', 'checkout_date', 'nights', 'currency', 'total_amount', 'status', 'source', 'ingestion_date', 'dq_date_inverted', 'dq_amount_negative', 'dq_currency_invalid', 'dq_missing_booking_id', 'dq_missing_customer_id', 'dq_missing_hotel_id', 'dq_missing_room_id', 'dq_missing_created_at', 'dq_missing_checkin_date', 'dq_missing_checkout_date', 'dq_missing_nights', 'dq_missing_currency', 'dq_missing_total_amount', 'dq_missing_status', 'dq_missing_source', 'dq_missing_ingestion_date', 'dq_missing_dq_date_inverted', 'dq_missing_dq_amount_negative', 'dq_missing_dq_currency_invalid']","chan":"stdout","logger":"task"}
{"timestamp":"2025-09-18T07:41:18.591847Z","level":"info","event":"  Tipi: booking_id                         object","chan":"stdout","logger":"task"}
{"timestamp":"2025-09-18T07:41:18.592037Z","level":"info","event":"customer_id                        object","chan":"stdout","logger":"task"}
{"timestamp":"2025-09-18T07:41:18.592234Z","level":"info","event":"hotel_id                           object","chan":"stdout","logger":"task"}
{"timestamp":"2025-09-18T07:41:18.592428Z","level":"info","event":"room_id                            object","chan":"stdout","logger":"task"}
{"timestamp":"2025-09-18T07:41:18.592590Z","level":"info","event":"created_at                         object","chan":"stdout","logger":"task"}
{"timestamp":"2025-09-18T07:41:18.592745Z","level":"info","event":"checkin_date                       object","chan":"stdout","logger":"task"}
{"timestamp":"2025-09-18T07:41:18.592872Z","level":"info","event":"checkout_date                      object","chan":"stdout","logger":"task"}
{"timestamp":"2025-09-18T07:41:18.593009Z","level":"info","event":"nights                              int64","chan":"stdout","logger":"task"}
{"timestamp":"2025-09-18T07:41:18.593132Z","level":"info","event":"currency                           object","chan":"stdout","logger":"task"}
{"timestamp":"2025-09-18T07:41:18.593257Z","level":"info","event":"total_amount                      float64","chan":"stdout","logger":"task"}
{"timestamp":"2025-09-18T07:41:18.593403Z","level":"info","event":"status                             object","chan":"stdout","logger":"task"}
{"timestamp":"2025-09-18T07:41:18.593522Z","level":"info","event":"source                             object","chan":"stdout","logger":"task"}
{"timestamp":"2025-09-18T07:41:18.593629Z","level":"info","event":"ingestion_date                     object","chan":"stdout","logger":"task"}
{"timestamp":"2025-09-18T07:41:18.593747Z","level":"info","event":"dq_date_inverted                     bool","chan":"stdout","logger":"task"}
{"timestamp":"2025-09-18T07:41:18.593830Z","level":"info","event":"dq_amount_negative                   bool","chan":"stdout","logger":"task"}
{"timestamp":"2025-09-18T07:41:18.593914Z","level":"info","event":"dq_currency_invalid                  bool","chan":"stdout","logger":"task"}
{"timestamp":"2025-09-18T07:41:18.593998Z","level":"info","event":"dq_missing_booking_id                bool","chan":"stdout","logger":"task"}
{"timestamp":"2025-09-18T07:41:18.594169Z","level":"info","event":"dq_missing_customer_id               bool","chan":"stdout","logger":"task"}
{"timestamp":"2025-09-18T07:41:18.594258Z","level":"info","event":"dq_missing_hotel_id                  bool","chan":"stdout","logger":"task"}
{"timestamp":"2025-09-18T07:41:18.594343Z","level":"info","event":"dq_missing_room_id                   bool","chan":"stdout","logger":"task"}
{"timestamp":"2025-09-18T07:41:18.594426Z","level":"info","event":"dq_missing_created_at                bool","chan":"stdout","logger":"task"}
{"timestamp":"2025-09-18T07:41:18.594548Z","level":"info","event":"dq_missing_checkin_date              bool","chan":"stdout","logger":"task"}
{"timestamp":"2025-09-18T07:41:18.594711Z","level":"info","event":"dq_missing_checkout_date             bool","chan":"stdout","logger":"task"}
{"timestamp":"2025-09-18T07:41:18.594882Z","level":"info","event":"dq_missing_nights                    bool","chan":"stdout","logger":"task"}
{"timestamp":"2025-09-18T07:41:18.595044Z","level":"info","event":"dq_missing_currency                  bool","chan":"stdout","logger":"task"}
{"timestamp":"2025-09-18T07:41:18.595337Z","level":"info","event":"dq_missing_total_amount              bool","chan":"stdout","logger":"task"}
{"timestamp":"2025-09-18T07:41:18.595519Z","level":"info","event":"dq_missing_status                    bool","chan":"stdout","logger":"task"}
{"timestamp":"2025-09-18T07:41:18.595643Z","level":"info","event":"dq_missing_source                    bool","chan":"stdout","logger":"task"}
{"timestamp":"2025-09-18T07:41:18.595758Z","level":"info","event":"dq_missing_ingestion_date            bool","chan":"stdout","logger":"task"}
{"timestamp":"2025-09-18T07:41:18.595900Z","level":"info","event":"dq_missing_dq_date_inverted          bool","chan":"stdout","logger":"task"}
{"timestamp":"2025-09-18T07:41:18.596063Z","level":"info","event":"dq_missing_dq_amount_negative        bool","chan":"stdout","logger":"task"}
{"timestamp":"2025-09-18T07:41:18.596189Z","level":"info","event":"dq_missing_dq_currency_invalid       bool","chan":"stdout","logger":"task"}
{"timestamp":"2025-09-18T07:41:18.596341Z","level":"info","event":"dtype: object","chan":"stdout","logger":"task"}
{"timestamp":"2025-09-18T07:41:18.596443Z","level":"info","event":"Caricamento dati payments...","chan":"stdout","logger":"task"}
{"timestamp":"2025-09-18T07:41:18.592299","level":"info","event":"Request URL: 'https://iulianoprojectwork.blob.core.windows.net/silver/2025-09-18/payments.parquet'\nRequest method: 'GET'\nRequest headers:\n    'x-ms-range': 'REDACTED'\n    'x-ms-version': 'REDACTED'\n    'Accept': 'application/xml'\n    'User-Agent': 'azsdk-python-storage-blob/12.26.0 Python/3.12.11 (Linux-6.6.87.2-microsoft-standard-WSL2-x86_64-with-glibc2.36)'\n    'x-ms-date': 'REDACTED'\n    'x-ms-client-request-id': 'dd1dfca6-9462-11f0-bd03-f21cf29515df'\n    'Authorization': 'REDACTED'\nNo body was attached to the request","logger":"azure.core.pipeline.policies.http_logging_policy"}
{"timestamp":"2025-09-18T07:41:18.624616","level":"info","event":"Response status: 206\nResponse headers:\n    'Content-Length': '137419'\n    'Content-Type': 'application/octet-stream'\n    'Content-Range': 'REDACTED'\n    'Last-Modified': 'Thu, 18 Sep 2025 07:41:17 GMT'\n    'Accept-Ranges': 'REDACTED'\n    'ETag': '\"0x8DDF686C09605D8\"'\n    'Server': 'Windows-Azure-Blob/1.0 Microsoft-HTTPAPI/2.0'\n    'x-ms-request-id': 'dafc5b93-f01e-00bb-3f6f-28805c000000'\n    'x-ms-client-request-id': 'dd1dfca6-9462-11f0-bd03-f21cf29515df'\n    'x-ms-version': 'REDACTED'\n    'x-ms-resource-type': 'REDACTED'\n    'x-ms-creation-time': 'REDACTED'\n    'x-ms-blob-content-md5': 'REDACTED'\n    'x-ms-lease-status': 'REDACTED'\n    'x-ms-lease-state': 'REDACTED'\n    'x-ms-blob-type': 'REDACTED'\n    'x-ms-server-encrypted': 'REDACTED'\n    'x-ms-owner': 'REDACTED'\n    'x-ms-group': 'REDACTED'\n    'x-ms-permissions': 'REDACTED'\n    'x-ms-acl': 'REDACTED'\n    'Date': 'Thu, 18 Sep 2025 07:41:17 GMT'","logger":"azure.core.pipeline.policies.http_logging_policy"}
{"timestamp":"2025-09-18T07:41:18.698015Z","level":"info","event":"  Caricati 4595 record da payments","chan":"stdout","logger":"task"}
{"timestamp":"2025-09-18T07:41:18.698527Z","level":"info","event":"  Colonne: ['payment_id', 'booking_id', 'provider', 'status', 'amount', 'currency', 'transaction_date', 'ingestion_date', 'dq_orphan', 'dq_over_amount', 'dq_currency_invalid', 'dq_missing_payment_id', 'dq_missing_booking_id', 'dq_missing_provider', 'dq_missing_status', 'dq_missing_amount', 'dq_missing_currency', 'dq_missing_transaction_date', 'dq_missing_ingestion_date', 'dq_missing_dq_orphan', 'dq_missing_dq_over_amount', 'dq_missing_dq_currency_invalid']","chan":"stdout","logger":"task"}
{"timestamp":"2025-09-18T07:41:18.698885Z","level":"info","event":"  Tipi: payment_id                         object","chan":"stdout","logger":"task"}
{"timestamp":"2025-09-18T07:41:18.699186Z","level":"info","event":"booking_id                         object","chan":"stdout","logger":"task"}
{"timestamp":"2025-09-18T07:41:18.699512Z","level":"info","event":"provider                           object","chan":"stdout","logger":"task"}
{"timestamp":"2025-09-18T07:41:18.699744Z","level":"info","event":"status                             object","chan":"stdout","logger":"task"}
{"timestamp":"2025-09-18T07:41:18.699933Z","level":"info","event":"amount                            float64","chan":"stdout","logger":"task"}
{"timestamp":"2025-09-18T07:41:18.700114Z","level":"info","event":"currency                           object","chan":"stdout","logger":"task"}
{"timestamp":"2025-09-18T07:41:18.700271Z","level":"info","event":"transaction_date                   object","chan":"stdout","logger":"task"}
{"timestamp":"2025-09-18T07:41:18.700418Z","level":"info","event":"ingestion_date                     object","chan":"stdout","logger":"task"}
{"timestamp":"2025-09-18T07:41:18.700563Z","level":"info","event":"dq_orphan                            bool","chan":"stdout","logger":"task"}
{"timestamp":"2025-09-18T07:41:18.700668Z","level":"info","event":"dq_over_amount                       bool","chan":"stdout","logger":"task"}
{"timestamp":"2025-09-18T07:41:18.700802Z","level":"info","event":"dq_currency_invalid                  bool","chan":"stdout","logger":"task"}
{"timestamp":"2025-09-18T07:41:18.700906Z","level":"info","event":"dq_missing_payment_id                bool","chan":"stdout","logger":"task"}
{"timestamp":"2025-09-18T07:41:18.701011Z","level":"info","event":"dq_missing_booking_id                bool","chan":"stdout","logger":"task"}
{"timestamp":"2025-09-18T07:41:18.701113Z","level":"info","event":"dq_missing_provider                  bool","chan":"stdout","logger":"task"}
{"timestamp":"2025-09-18T07:41:18.701218Z","level":"info","event":"dq_missing_status                    bool","chan":"stdout","logger":"task"}
{"timestamp":"2025-09-18T07:41:18.701322Z","level":"info","event":"dq_missing_amount                    bool","chan":"stdout","logger":"task"}
{"timestamp":"2025-09-18T07:41:18.701428Z","level":"info","event":"dq_missing_currency                  bool","chan":"stdout","logger":"task"}
{"timestamp":"2025-09-18T07:41:18.701535Z","level":"info","event":"dq_missing_transaction_date          bool","chan":"stdout","logger":"task"}
{"timestamp":"2025-09-18T07:41:18.701661Z","level":"info","event":"dq_missing_ingestion_date            bool","chan":"stdout","logger":"task"}
{"timestamp":"2025-09-18T07:41:18.701807Z","level":"info","event":"dq_missing_dq_orphan                 bool","chan":"stdout","logger":"task"}
{"timestamp":"2025-09-18T07:41:18.701923Z","level":"info","event":"dq_missing_dq_over_amount            bool","chan":"stdout","logger":"task"}
{"timestamp":"2025-09-18T07:41:18.702044Z","level":"info","event":"dq_missing_dq_currency_invalid       bool","chan":"stdout","logger":"task"}
{"timestamp":"2025-09-18T07:41:18.702192Z","level":"info","event":"dtype: object","chan":"stdout","logger":"task"}
{"timestamp":"2025-09-18T07:41:18.702309Z","level":"info","event":"Calcolo KPI Daily Revenue...","chan":"stdout","logger":"task"}
{"timestamp":"2025-09-18T07:41:18.702419Z","level":"info","event":"Colonne bookings_df: Index(['booking_id', 'customer_id', 'hotel_id', 'room_id', 'created_at',","chan":"stdout","logger":"task"}
{"timestamp":"2025-09-18T07:41:18.702527Z","level":"info","event":"       'checkin_date', 'checkout_date', 'nights', 'currency', 'total_amount',","chan":"stdout","logger":"task"}
{"timestamp":"2025-09-18T07:41:18.702634Z","level":"info","event":"       'status', 'source', 'ingestion_date', 'dq_date_inverted',","chan":"stdout","logger":"task"}
{"timestamp":"2025-09-18T07:41:18.702739Z","level":"info","event":"       'dq_amount_negative', 'dq_currency_invalid', 'dq_missing_booking_id',","chan":"stdout","logger":"task"}
{"timestamp":"2025-09-18T07:41:18.702846Z","level":"info","event":"       'dq_missing_customer_id', 'dq_missing_hotel_id', 'dq_missing_room_id',","chan":"stdout","logger":"task"}
{"timestamp":"2025-09-18T07:41:18.702951Z","level":"info","event":"       'dq_missing_created_at', 'dq_missing_checkin_date',","chan":"stdout","logger":"task"}
{"timestamp":"2025-09-18T07:41:18.703058Z","level":"info","event":"       'dq_missing_checkout_date', 'dq_missing_nights', 'dq_missing_currency',","chan":"stdout","logger":"task"}
{"timestamp":"2025-09-18T07:41:18.703180Z","level":"info","event":"       'dq_missing_total_amount', 'dq_missing_status', 'dq_missing_source',","chan":"stdout","logger":"task"}
{"timestamp":"2025-09-18T07:41:18.703326Z","level":"info","event":"       'dq_missing_ingestion_date', 'dq_missing_dq_date_inverted',","chan":"stdout","logger":"task"}
{"timestamp":"2025-09-18T07:41:18.703440Z","level":"info","event":"       'dq_missing_dq_amount_negative', 'dq_missing_dq_currency_invalid'],","chan":"stdout","logger":"task"}
{"timestamp":"2025-09-18T07:41:18.703545Z","level":"info","event":"      dtype='object')","chan":"stdout","logger":"task"}
{"timestamp":"2025-09-18T07:41:18.707388Z","level":"info","event":"  Generati 226 record di ricavi giornalieri","chan":"stdout","logger":"task"}
{"timestamp":"2025-09-18T07:41:18.707727Z","level":"info","event":"Calcolo KPI Cancellation Rate by Source...","chan":"stdout","logger":"task"}
{"timestamp":"2025-09-18T07:41:18.710736Z","level":"info","event":"  Generati 5 record di tasso di cancellazione","chan":"stdout","logger":"task"}
{"timestamp":"2025-09-18T07:41:18.711013Z","level":"info","event":"Calcolo KPI Collection Rate...","chan":"stdout","logger":"task"}
{"timestamp":"2025-09-18T07:41:18.715539Z","level":"info","event":"Colonne collection_df: Index(['booking_id', 'customer_id', 'hotel_id', 'room_id', 'created_at',","chan":"stdout","logger":"task"}
{"timestamp":"2025-09-18T07:41:18.715927Z","level":"info","event":"       'checkin_date', 'checkout_date', 'nights', 'currency_booking',","chan":"stdout","logger":"task"}
{"timestamp":"2025-09-18T07:41:18.716217Z","level":"info","event":"       'total_amount', 'status_booking', 'source', 'ingestion_date_booking',","chan":"stdout","logger":"task"}
{"timestamp":"2025-09-18T07:41:18.716518Z","level":"info","event":"       'dq_date_inverted', 'dq_amount_negative', 'dq_currency_invalid_booking',","chan":"stdout","logger":"task"}
{"timestamp":"2025-09-18T07:41:18.716807Z","level":"info","event":"       'dq_missing_booking_id_booking', 'dq_missing_customer_id',","chan":"stdout","logger":"task"}
{"timestamp":"2025-09-18T07:41:18.717125Z","level":"info","event":"       'dq_missing_hotel_id', 'dq_missing_room_id', 'dq_missing_created_at',","chan":"stdout","logger":"task"}
{"timestamp":"2025-09-18T07:41:18.717414Z","level":"info","event":"       'dq_missing_checkin_date', 'dq_missing_checkout_date',","chan":"stdout","logger":"task"}
{"timestamp":"2025-09-18T07:41:18.717717Z","level":"info","event":"       'dq_missing_nights', 'dq_missing_currency_booking',","chan":"stdout","logger":"task"}
{"timestamp":"2025-09-18T07:41:18.718000Z","level":"info","event":"       'dq_missing_total_amount', 'dq_missing_status_booking',","chan":"stdout","logger":"task"}
{"timestamp":"2025-09-18T07:41:18.718140Z","level":"info","event":"       'dq_missing_source', 'dq_missing_ingestion_date_booking',","chan":"stdout","logger":"task"}
{"timestamp":"2025-09-18T07:41:18.718555Z","level":"info","event":"       'dq_missing_dq_date_inverted', 'dq_missing_dq_amount_negative',","chan":"stdout","logger":"task"}
{"timestamp":"2025-09-18T07:41:18.719091Z","level":"info","event":"       'dq_missing_dq_currency_invalid_booking', 'payment_id', 'provider',","chan":"stdout","logger":"task"}
{"timestamp":"2025-09-18T07:41:18.719452Z","level":"info","event":"       'status_payment', 'amount', 'currency_payment', 'transaction_date',","chan":"stdout","logger":"task"}
{"timestamp":"2025-09-18T07:41:18.719789Z","level":"info","event":"       'ingestion_date_payment', 'dq_orphan', 'dq_over_amount',","chan":"stdout","logger":"task"}
{"timestamp":"2025-09-18T07:41:18.720145Z","level":"info","event":"       'dq_currency_invalid_payment', 'dq_missing_payment_id',","chan":"stdout","logger":"task"}
{"timestamp":"2025-09-18T07:41:18.720457Z","level":"info","event":"       'dq_missing_booking_id_payment', 'dq_missing_provider',","chan":"stdout","logger":"task"}
{"timestamp":"2025-09-18T07:41:18.720755Z","level":"info","event":"       'dq_missing_status_payment', 'dq_missing_amount',","chan":"stdout","logger":"task"}
{"timestamp":"2025-09-18T07:41:18.721067Z","level":"info","event":"       'dq_missing_currency_payment', 'dq_missing_transaction_date',","chan":"stdout","logger":"task"}
{"timestamp":"2025-09-18T07:41:18.721397Z","level":"info","event":"       'dq_missing_ingestion_date_payment', 'dq_missing_dq_orphan',","chan":"stdout","logger":"task"}
{"timestamp":"2025-09-18T07:41:18.721839Z","level":"info","event":"       'dq_missing_dq_over_amount', 'dq_missing_dq_currency_invalid_payment'],","chan":"stdout","logger":"task"}
{"timestamp":"2025-09-18T07:41:18.722156Z","level":"info","event":"      dtype='object')","chan":"stdout","logger":"task"}
{"timestamp":"2025-09-18T07:41:18.730124Z","level":"info","event":"Prime righe collection_df:   booking_id  ... dq_missing_dq_currency_invalid_payment","chan":"stdout","logger":"task"}
{"timestamp":"2025-09-18T07:41:18.730545Z","level":"info","event":"0    B000003  ...                                  False","chan":"stdout","logger":"task"}
{"timestamp":"2025-09-18T07:41:18.730918Z","level":"info","event":"1    B000004  ...                                  False","chan":"stdout","logger":"task"}
{"timestamp":"2025-09-18T07:41:18.731239Z","level":"info","event":"2    B000005  ...                                  False","chan":"stdout","logger":"task"}
{"timestamp":"2025-09-18T07:41:18.731543Z","level":"info","event":"3    B000006  ...                                  False","chan":"stdout","logger":"task"}
{"timestamp":"2025-09-18T07:41:18.731848Z","level":"info","event":"4    B000006  ...                                  False","chan":"stdout","logger":"task"}
{"timestamp":"2025-09-18T07:41:18.732143Z","level":"info","event":"","chan":"stdout","logger":"task"}
{"timestamp":"2025-09-18T07:41:18.732440Z","level":"info","event":"[5 rows x 53 columns]","chan":"stdout","logger":"task"}
{"timestamp":"2025-09-18T07:41:18.732761Z","level":"info","event":"Valori unici dq_amount_negative: [False  True]","chan":"stdout","logger":"task"}
{"timestamp":"2025-09-18T07:41:18.733057Z","level":"info","event":"Conteggio True dq_amount_negative: 6 | False: 4559","chan":"stdout","logger":"task"}
{"timestamp":"2025-09-18T07:41:18.733349Z","level":"info","event":"Colonna dq_currency_invalid NON presente in collection_df","chan":"stdout","logger":"task"}
{"timestamp":"2025-09-18T07:41:18.733644Z","level":"info","event":"Valori unici dq_orphan: [False]","chan":"stdout","logger":"task"}
{"timestamp":"2025-09-18T07:41:18.733941Z","level":"info","event":"Conteggio True dq_orphan: 0 | False: 4565","chan":"stdout","logger":"task"}
{"timestamp":"2025-09-18T07:41:18.734233Z","level":"info","event":"Valori unici dq_over_amount: [False]","chan":"stdout","logger":"task"}
{"timestamp":"2025-09-18T07:41:18.734525Z","level":"info","event":"Conteggio True dq_over_amount: 0 | False: 4565","chan":"stdout","logger":"task"}
{"timestamp":"2025-09-18T07:41:18.734818Z","level":"info","event":"Valori unici dq_missing_total_amount: [False  True]","chan":"stdout","logger":"task"}
{"timestamp":"2025-09-18T07:41:18.735248Z","level":"info","event":"Conteggio True dq_missing_total_amount: 6 | False: 4559","chan":"stdout","logger":"task"}
{"timestamp":"2025-09-18T07:41:18.735777Z","level":"info","event":"Valori unici dq_missing_amount: [False]","chan":"stdout","logger":"task"}
{"timestamp":"2025-09-18T07:41:18.736102Z","level":"info","event":"Conteggio True dq_missing_amount: 0 | False: 4565","chan":"stdout","logger":"task"}
{"timestamp":"2025-09-18T07:41:18.736438Z","level":"info","event":"Righe dopo filtro: 4504","chan":"stdout","logger":"task"}
{"timestamp":"2025-09-18T07:41:18.744951Z","level":"info","event":"Prime righe valid_collection_df:   booking_id  ... dq_missing_dq_currency_invalid_payment","chan":"stdout","logger":"task"}
{"timestamp":"2025-09-18T07:41:18.745338Z","level":"info","event":"0    B000003  ...                                  False","chan":"stdout","logger":"task"}
{"timestamp":"2025-09-18T07:41:18.745667Z","level":"info","event":"1    B000004  ...                                  False","chan":"stdout","logger":"task"}
{"timestamp":"2025-09-18T07:41:18.745986Z","level":"info","event":"2    B000005  ...                                  False","chan":"stdout","logger":"task"}
{"timestamp":"2025-09-18T07:41:18.746317Z","level":"info","event":"3    B000006  ...                                  False","chan":"stdout","logger":"task"}
{"timestamp":"2025-09-18T07:41:18.746619Z","level":"info","event":"4    B000006  ...                                  False","chan":"stdout","logger":"task"}
{"timestamp":"2025-09-18T07:41:18.747157Z","level":"info","event":"","chan":"stdout","logger":"task"}
{"timestamp":"2025-09-18T07:41:18.747674Z","level":"info","event":"[5 rows x 53 columns]","chan":"stdout","logger":"task"}
{"timestamp":"2025-09-18T07:41:18.748146Z","level":"info","event":"Righe collection_result_df: 8","chan":"stdout","logger":"task"}
{"timestamp":"2025-09-18T07:41:18.748459Z","level":"info","event":"Prime righe collection_result_df:   hotel_id  total_bookings_value  total_payments_value  collection_rate","chan":"stdout","logger":"task"}
{"timestamp":"2025-09-18T07:41:18.748795Z","level":"info","event":"0     H001             284031.46             278483.12         0.980466","chan":"stdout","logger":"task"}
{"timestamp":"2025-09-18T07:41:18.749066Z","level":"info","event":"1     H002             291389.57             286660.88         0.983772","chan":"stdout","logger":"task"}
{"timestamp":"2025-09-18T07:41:18.749383Z","level":"info","event":"2     H003             297065.23             292016.84         0.983006","chan":"stdout","logger":"task"}
{"timestamp":"2025-09-18T07:41:18.749687Z","level":"info","event":"3     H004             286256.58             281760.85         0.984295","chan":"stdout","logger":"task"}
{"timestamp":"2025-09-18T07:41:18.750055Z","level":"info","event":"4     H005             275858.93             271923.01         0.985732","chan":"stdout","logger":"task"}
{"timestamp":"2025-09-18T07:41:18.750418Z","level":"info","event":"  Generati 8 record di tasso di incasso","chan":"stdout","logger":"task"}
{"timestamp":"2025-09-18T07:41:18.750737Z","level":"info","event":"Calcolo KPI Overbooking Alerts...","chan":"stdout","logger":"task"}
{"timestamp":"2025-09-18T07:41:18.817718Z","level":"info","event":"Colonne overbooking_df: Index(['booking_id_1', 'customer_id_1', 'hotel_id_1', 'room_id',","chan":"stdout","logger":"task"}
{"timestamp":"2025-09-18T07:41:18.818085Z","level":"info","event":"       'created_at_1', 'checkin_date_1', 'checkout_date_1', 'nights_1',","chan":"stdout","logger":"task"}
{"timestamp":"2025-09-18T07:41:18.818426Z","level":"info","event":"       'currency_1', 'total_amount_1', 'status_1', 'source_1',","chan":"stdout","logger":"task"}
{"timestamp":"2025-09-18T07:41:18.818622Z","level":"info","event":"       'ingestion_date_1', 'dq_date_inverted_1', 'dq_amount_negative_1',","chan":"stdout","logger":"task"}
{"timestamp":"2025-09-18T07:41:18.818809Z","level":"info","event":"       'dq_currency_invalid_1', 'dq_missing_booking_id_1',","chan":"stdout","logger":"task"}
{"timestamp":"2025-09-18T07:41:18.818990Z","level":"info","event":"       'dq_missing_customer_id_1', 'dq_missing_hotel_id_1',","chan":"stdout","logger":"task"}
{"timestamp":"2025-09-18T07:41:18.819178Z","level":"info","event":"       'dq_missing_room_id_1', 'dq_missing_created_at_1',","chan":"stdout","logger":"task"}
{"timestamp":"2025-09-18T07:41:18.819367Z","level":"info","event":"       'dq_missing_checkin_date_1', 'dq_missing_checkout_date_1',","chan":"stdout","logger":"task"}
{"timestamp":"2025-09-18T07:41:18.819503Z","level":"info","event":"       'dq_missing_nights_1', 'dq_missing_currency_1',","chan":"stdout","logger":"task"}
{"timestamp":"2025-09-18T07:41:18.819641Z","level":"info","event":"       'dq_missing_total_amount_1', 'dq_missing_status_1',","chan":"stdout","logger":"task"}
{"timestamp":"2025-09-18T07:41:18.819739Z","level":"info","event":"       'dq_missing_source_1', 'dq_missing_ingestion_date_1',","chan":"stdout","logger":"task"}
{"timestamp":"2025-09-18T07:41:18.819829Z","level":"info","event":"       'dq_missing_dq_date_inverted_1', 'dq_missing_dq_amount_negative_1',","chan":"stdout","logger":"task"}
{"timestamp":"2025-09-18T07:41:18.819917Z","level":"info","event":"       'dq_missing_dq_currency_invalid_1', 'booking_id_2', 'customer_id_2',","chan":"stdout","logger":"task"}
{"timestamp":"2025-09-18T07:41:18.820002Z","level":"info","event":"       'hotel_id_2', 'created_at_2', 'checkin_date_2', 'checkout_date_2',","chan":"stdout","logger":"task"}
{"timestamp":"2025-09-18T07:41:18.820125Z","level":"info","event":"       'nights_2', 'currency_2', 'total_amount_2', 'status_2', 'source_2',","chan":"stdout","logger":"task"}
{"timestamp":"2025-09-18T07:41:18.820247Z","level":"info","event":"       'ingestion_date_2', 'dq_date_inverted_2', 'dq_amount_negative_2',","chan":"stdout","logger":"task"}
{"timestamp":"2025-09-18T07:41:18.820347Z","level":"info","event":"       'dq_currency_invalid_2', 'dq_missing_booking_id_2',","chan":"stdout","logger":"task"}
{"timestamp":"2025-09-18T07:41:18.820482Z","level":"info","event":"       'dq_missing_customer_id_2', 'dq_missing_hotel_id_2',","chan":"stdout","logger":"task"}
{"timestamp":"2025-09-18T07:41:18.820620Z","level":"info","event":"       'dq_missing_room_id_2', 'dq_missing_created_at_2',","chan":"stdout","logger":"task"}
{"timestamp":"2025-09-18T07:41:18.820744Z","level":"info","event":"       'dq_missing_checkin_date_2', 'dq_missing_checkout_date_2',","chan":"stdout","logger":"task"}
{"timestamp":"2025-09-18T07:41:18.820850Z","level":"info","event":"       'dq_missing_nights_2', 'dq_missing_currency_2',","chan":"stdout","logger":"task"}
{"timestamp":"2025-09-18T07:41:18.820960Z","level":"info","event":"       'dq_missing_total_amount_2', 'dq_missing_status_2',","chan":"stdout","logger":"task"}
{"timestamp":"2025-09-18T07:41:18.821070Z","level":"info","event":"       'dq_missing_source_2', 'dq_missing_ingestion_date_2',","chan":"stdout","logger":"task"}
{"timestamp":"2025-09-18T07:41:18.821164Z","level":"info","event":"       'dq_missing_dq_date_inverted_2', 'dq_missing_dq_amount_negative_2',","chan":"stdout","logger":"task"}
{"timestamp":"2025-09-18T07:41:18.821271Z","level":"info","event":"       'dq_missing_dq_currency_invalid_2'],","chan":"stdout","logger":"task"}
{"timestamp":"2025-09-18T07:41:18.821392Z","level":"info","event":"      dtype='object')","chan":"stdout","logger":"task"}
{"timestamp":"2025-09-18T07:41:18.882591Z","level":"info","event":"  Generati 4418 avvisi di overbooking","chan":"stdout","logger":"task"}
{"timestamp":"2025-09-18T07:41:18.882971Z","level":"info","event":"Calcolo KPI Customer Value...","chan":"stdout","logger":"task"}
{"timestamp":"2025-09-18T07:41:18.883228Z","level":"info","event":"Colonne bookings_df: Index(['booking_id', 'customer_id', 'hotel_id', 'room_id', 'created_at',","chan":"stdout","logger":"task"}
{"timestamp":"2025-09-18T07:41:18.883331Z","level":"info","event":"       'checkin_date', 'checkout_date', 'nights', 'currency', 'total_amount',","chan":"stdout","logger":"task"}
{"timestamp":"2025-09-18T07:41:18.883420Z","level":"info","event":"       'status', 'source', 'ingestion_date', 'dq_date_inverted',","chan":"stdout","logger":"task"}
{"timestamp":"2025-09-18T07:41:18.883506Z","level":"info","event":"       'dq_amount_negative', 'dq_currency_invalid', 'dq_missing_booking_id',","chan":"stdout","logger":"task"}
{"timestamp":"2025-09-18T07:41:18.883592Z","level":"info","event":"       'dq_missing_customer_id', 'dq_missing_hotel_id', 'dq_missing_room_id',","chan":"stdout","logger":"task"}
{"timestamp":"2025-09-18T07:41:18.883678Z","level":"info","event":"       'dq_missing_created_at', 'dq_missing_checkin_date',","chan":"stdout","logger":"task"}
{"timestamp":"2025-09-18T07:41:18.883763Z","level":"info","event":"       'dq_missing_checkout_date', 'dq_missing_nights', 'dq_missing_currency',","chan":"stdout","logger":"task"}
{"timestamp":"2025-09-18T07:41:18.883849Z","level":"info","event":"       'dq_missing_total_amount', 'dq_missing_status', 'dq_missing_source',","chan":"stdout","logger":"task"}
{"timestamp":"2025-09-18T07:41:18.883935Z","level":"info","event":"       'dq_missing_ingestion_date', 'dq_missing_dq_date_inverted',","chan":"stdout","logger":"task"}
{"timestamp":"2025-09-18T07:41:18.884018Z","level":"info","event":"       'dq_missing_dq_amount_negative', 'dq_missing_dq_currency_invalid'],","chan":"stdout","logger":"task"}
{"timestamp":"2025-09-18T07:41:18.884101Z","level":"info","event":"      dtype='object')","chan":"stdout","logger":"task"}
{"timestamp":"2025-09-18T07:41:18.885626Z","level":"info","event":"  Generati 2586 record di valore cliente","chan":"stdout","logger":"task"}
{"timestamp":"2025-09-18T07:41:18.885913Z","level":"info","event":"Salvataggio risultati KPI nel livello Gold...","chan":"stdout","logger":"task"}
{"timestamp":"2025-09-18T07:41:18.887080","level":"info","event":"Request URL: 'https://iulianoprojectwork.blob.core.windows.net/gold/2025-09-18/daily_revenue.parquet'\nRequest method: 'PUT'\nRequest headers:\n    'Content-Length': '5555'\n    'x-ms-blob-type': 'REDACTED'\n    'x-ms-version': 'REDACTED'\n    'Content-Type': 'application/octet-stream'\n    'Accept': 'application/xml'\n    'User-Agent': 'azsdk-python-storage-blob/12.26.0 Python/3.12.11 (Linux-6.6.87.2-microsoft-standard-WSL2-x86_64-with-glibc2.36)'\n    'x-ms-date': 'REDACTED'\n    'x-ms-client-request-id': 'dd4af738-9462-11f0-bd03-f21cf29515df'\n    'Authorization': 'REDACTED'\nA body is sent with the request","logger":"azure.core.pipeline.policies.http_logging_policy"}
{"timestamp":"2025-09-18T07:41:18.958149","level":"info","event":"Response status: 201\nResponse headers:\n    'Content-Length': '0'\n    'Content-MD5': 'REDACTED'\n    'Last-Modified': 'Thu, 18 Sep 2025 07:41:18 GMT'\n    'ETag': '\"0x8DDF686C1306244\"'\n    'Server': 'Windows-Azure-Blob/1.0 Microsoft-HTTPAPI/2.0'\n    'x-ms-request-id': 'dafc5ba2-f01e-00bb-4d6f-28805c000000'\n    'x-ms-client-request-id': 'dd4af738-9462-11f0-bd03-f21cf29515df'\n    'x-ms-version': 'REDACTED'\n    'x-ms-content-crc64': 'REDACTED'\n    'x-ms-request-server-encrypted': 'REDACTED'\n    'Date': 'Thu, 18 Sep 2025 07:41:17 GMT'","logger":"azure.core.pipeline.policies.http_logging_policy"}
{"timestamp":"2025-09-18T07:41:18.959296Z","level":"info","event":"Scrittura completata di 2025-09-18/daily_revenue.parquet","chan":"stdout","logger":"task"}
{"timestamp":"2025-09-18T07:41:18.960559","level":"info","event":"Request URL: 'https://iulianoprojectwork.blob.core.windows.net/gold/2025-09-18/cancellation_rate.parquet'\nRequest method: 'PUT'\nRequest headers:\n    'Content-Length': '3061'\n    'x-ms-blob-type': 'REDACTED'\n    'x-ms-version': 'REDACTED'\n    'Content-Type': 'application/octet-stream'\n    'Accept': 'application/xml'\n    'User-Agent': 'azsdk-python-storage-blob/12.26.0 Python/3.12.11 (Linux-6.6.87.2-microsoft-standard-WSL2-x86_64-with-glibc2.36)'\n    'x-ms-date': 'REDACTED'\n    'x-ms-client-request-id': 'dd562de2-9462-11f0-bd03-f21cf29515df'\n    'Authorization': 'REDACTED'\nA body is sent with the request","logger":"azure.core.pipeline.policies.http_logging_policy"}
{"timestamp":"2025-09-18T07:41:18.996297","level":"info","event":"Response status: 201\nResponse headers:\n    'Content-Length': '0'\n    'Content-MD5': 'REDACTED'\n    'Last-Modified': 'Thu, 18 Sep 2025 07:41:18 GMT'\n    'ETag': '\"0x8DDF686C1366FE8\"'\n    'Server': 'Windows-Azure-Blob/1.0 Microsoft-HTTPAPI/2.0'\n    'x-ms-request-id': 'dafc5ba4-f01e-00bb-4e6f-28805c000000'\n    'x-ms-client-request-id': 'dd562de2-9462-11f0-bd03-f21cf29515df'\n    'x-ms-version': 'REDACTED'\n    'x-ms-content-crc64': 'REDACTED'\n    'x-ms-request-server-encrypted': 'REDACTED'\n    'Date': 'Thu, 18 Sep 2025 07:41:17 GMT'","logger":"azure.core.pipeline.policies.http_logging_policy"}
{"timestamp":"2025-09-18T07:41:18.996870Z","level":"info","event":"Scrittura completata di 2025-09-18/cancellation_rate.parquet","chan":"stdout","logger":"task"}
{"timestamp":"2025-09-18T07:41:18.997759","level":"info","event":"Request URL: 'https://iulianoprojectwork.blob.core.windows.net/gold/2025-09-18/collection_rate.parquet'\nRequest method: 'PUT'\nRequest headers:\n    'Content-Length': '3253'\n    'x-ms-blob-type': 'REDACTED'\n    'x-ms-version': 'REDACTED'\n    'Content-Type': 'application/octet-stream'\n    'Accept': 'application/xml'\n    'User-Agent': 'azsdk-python-storage-blob/12.26.0 Python/3.12.11 (Linux-6.6.87.2-microsoft-standard-WSL2-x86_64-with-glibc2.36)'\n    'x-ms-date': 'REDACTED'\n    'x-ms-client-request-id': 'dd5bdbd4-9462-11f0-bd03-f21cf29515df'\n    'Authorization': 'REDACTED'\nA body is sent with the request","logger":"azure.core.pipeline.policies.http_logging_policy"}
{"timestamp":"2025-09-18T07:41:19.033840","level":"info","event":"Response status: 201\nResponse headers:\n    'Content-Length': '0'\n    'Content-MD5': 'REDACTED'\n    'Last-Modified': 'Thu, 18 Sep 2025 07:41:18 GMT'\n    'ETag': '\"0x8DDF686C13C3B44\"'\n    'Server': 'Windows-Azure-Blob/1.0 Microsoft-HTTPAPI/2.0'\n    'x-ms-request-id': 'dafc5ba5-f01e-00bb-4f6f-28805c000000'\n    'x-ms-client-request-id': 'dd5bdbd4-9462-11f0-bd03-f21cf29515df'\n    'x-ms-version': 'REDACTED'\n    'x-ms-content-crc64': 'REDACTED'\n    'x-ms-request-server-encrypted': 'REDACTED'\n    'Date': 'Thu, 18 Sep 2025 07:41:17 GMT'","logger":"azure.core.pipeline.policies.http_logging_policy"}
{"timestamp":"2025-09-18T07:41:19.034214Z","level":"info","event":"Scrittura completata di 2025-09-18/collection_rate.parquet","chan":"stdout","logger":"task"}
{"timestamp":"2025-09-18T07:41:19.039129","level":"info","event":"Request URL: 'https://iulianoprojectwork.blob.core.windows.net/gold/2025-09-18/overbooking_alerts.parquet'\nRequest method: 'PUT'\nRequest headers:\n    'Content-Length': '57748'\n    'x-ms-blob-type': 'REDACTED'\n    'x-ms-version': 'REDACTED'\n    'Content-Type': 'application/octet-stream'\n    'Accept': 'application/xml'\n    'User-Agent': 'azsdk-python-storage-blob/12.26.0 Python/3.12.11 (Linux-6.6.87.2-microsoft-standard-WSL2-x86_64-with-glibc2.36)'\n    'x-ms-date': 'REDACTED'\n    'x-ms-client-request-id': 'dd622a7a-9462-11f0-bd03-f21cf29515df'\n    'Authorization': 'REDACTED'\nA body is sent with the request","logger":"azure.core.pipeline.policies.http_logging_policy"}
{"timestamp":"2025-09-18T07:41:19.097064","level":"info","event":"Response status: 201\nResponse headers:\n    'Content-Length': '0'\n    'Content-MD5': 'REDACTED'\n    'Last-Modified': 'Thu, 18 Sep 2025 07:41:18 GMT'\n    'ETag': '\"0x8DDF686C145BDDC\"'\n    'Server': 'Windows-Azure-Blob/1.0 Microsoft-HTTPAPI/2.0'\n    'x-ms-request-id': 'dafc5ba7-f01e-00bb-516f-28805c000000'\n    'x-ms-client-request-id': 'dd622a7a-9462-11f0-bd03-f21cf29515df'\n    'x-ms-version': 'REDACTED'\n    'x-ms-content-crc64': 'REDACTED'\n    'x-ms-request-server-encrypted': 'REDACTED'\n    'Date': 'Thu, 18 Sep 2025 07:41:17 GMT'","logger":"azure.core.pipeline.policies.http_logging_policy"}
{"timestamp":"2025-09-18T07:41:19.098094Z","level":"info","event":"Scrittura completata di 2025-09-18/overbooking_alerts.parquet","chan":"stdout","logger":"task"}
{"timestamp":"2025-09-18T07:41:19.102053","level":"info","event":"Request URL: 'https://iulianoprojectwork.blob.core.windows.net/gold/2025-09-18/customer_value.parquet'\nRequest method: 'PUT'\nRequest headers:\n    'Content-Length': '53558'\n    'x-ms-blob-type': 'REDACTED'\n    'x-ms-version': 'REDACTED'\n    'Content-Type': 'application/octet-stream'\n    'Accept': 'application/xml'\n    'User-Agent': 'azsdk-python-storage-blob/12.26.0 Python/3.12.11 (Linux-6.6.87.2-microsoft-standard-WSL2-x86_64-with-glibc2.36)'\n    'x-ms-date': 'REDACTED'\n    'x-ms-client-request-id': 'dd6bc35a-9462-11f0-bd03-f21cf29515df'\n    'Authorization': 'REDACTED'\nA body is sent with the request","logger":"azure.core.pipeline.policies.http_logging_policy"}
{"timestamp":"2025-09-18T07:41:19.138450","level":"info","event":"Response status: 201\nResponse headers:\n    'Content-Length': '0'\n    'Content-MD5': 'REDACTED'\n    'Last-Modified': 'Thu, 18 Sep 2025 07:41:18 GMT'\n    'ETag': '\"0x8DDF686C14C16FC\"'\n    'Server': 'Windows-Azure-Blob/1.0 Microsoft-HTTPAPI/2.0'\n    'x-ms-request-id': 'dafc5ba9-f01e-00bb-536f-28805c000000'\n    'x-ms-client-request-id': 'dd6bc35a-9462-11f0-bd03-f21cf29515df'\n    'x-ms-version': 'REDACTED'\n    'x-ms-content-crc64': 'REDACTED'\n    'x-ms-request-server-encrypted': 'REDACTED'\n    'Date': 'Thu, 18 Sep 2025 07:41:17 GMT'","logger":"azure.core.pipeline.policies.http_logging_policy"}
{"timestamp":"2025-09-18T07:41:19.139490Z","level":"info","event":"Scrittura completata di 2025-09-18/customer_value.parquet","chan":"stdout","logger":"task"}
{"timestamp":"2025-09-18T07:41:19.140435Z","level":"info","event":"Trasformazioni livello Gold completate!","chan":"stdout","logger":"task"}
{"timestamp":"2025-09-18T07:41:19.145385","level":"info","event":"Done. Returned value was: None","logger":"airflow.task.operators.airflow.providers.standard.operators.python.PythonOperator"}
{"timestamp":"2025-09-18T07:41:19.154996Z","level":"info","event":"Task instance in success state","chan":"stdout","logger":"task"}
{"timestamp":"2025-09-18T07:41:19.155286Z","level":"info","event":" Previous state of the Task instance: TaskInstanceState.RUNNING","chan":"stdout","logger":"task"}
{"timestamp":"2025-09-18T07:41:19.155753Z","level":"info","event":"Task operator:<Task(PythonOperator): gold_etl>","chan":"stdout","logger":"task"}
