{"timestamp":"2025-09-18T11:32:56.455266","level":"info","event":"DAG bundles loaded: dags-folder, example_dags","logger":"airflow.dag_processing.bundles.manager.DagBundlesManager"}
{"timestamp":"2025-09-18T11:32:56.456379","level":"info","event":"Filling up the DagBag from /opt/airflow/dags/pipeline.py","logger":"airflow.models.dagbag.DagBag"}
{"timestamp":"2025-09-18T11:32:56.493358Z","level":"info","event":"Task instance is in running state","chan":"stdout","logger":"task"}
{"timestamp":"2025-09-18T11:32:56.493701Z","level":"info","event":" Previous state of the Task instance: TaskInstanceState.QUEUED","chan":"stdout","logger":"task"}
{"timestamp":"2025-09-18T11:32:56.493901Z","level":"info","event":"Current task name:gold_etl","chan":"stdout","logger":"task"}
{"timestamp":"2025-09-18T11:32:56.494037Z","level":"info","event":"Dag name:etl_pipeline_dag","chan":"stdout","logger":"task"}
{"timestamp":"2025-09-18T11:32:56.614091Z","level":"info","event":"Elaborazione dati per la data: 2025-09-18","chan":"stdout","logger":"task"}
{"timestamp":"2025-09-18T11:32:56.614320Z","level":"info","event":"Caricamento dati hotels...","chan":"stdout","logger":"task"}
{"timestamp":"2025-09-18T11:32:56.615004","level":"info","event":"Request URL: 'https://iulianoprojectwork.blob.core.windows.net/silver/2025-09-18/hotels.parquet'\nRequest method: 'GET'\nRequest headers:\n    'x-ms-range': 'REDACTED'\n    'x-ms-version': 'REDACTED'\n    'Accept': 'application/xml'\n    'User-Agent': 'azsdk-python-storage-blob/12.26.0 Python/3.12.11 (Linux-6.6.87.2-microsoft-standard-WSL2-x86_64-with-glibc2.36)'\n    'x-ms-date': 'REDACTED'\n    'x-ms-client-request-id': '38fbea04-9483-11f0-9d1a-f21cf29515df'\n    'Authorization': 'REDACTED'\nNo body was attached to the request","logger":"azure.core.pipeline.policies.http_logging_policy"}
{"timestamp":"2025-09-18T11:32:56.773038","level":"info","event":"Response status: 206\nResponse headers:\n    'Content-Length': '6127'\n    'Content-Type': 'application/octet-stream'\n    'Content-Range': 'REDACTED'\n    'Last-Modified': 'Thu, 18 Sep 2025 11:32:54 GMT'\n    'Accept-Ranges': 'REDACTED'\n    'ETag': '\"0x8DDF6A71C384B70\"'\n    'Server': 'Windows-Azure-Blob/1.0 Microsoft-HTTPAPI/2.0'\n    'x-ms-request-id': '99b7df9a-d01e-0083-458f-28249c000000'\n    'x-ms-client-request-id': '38fbea04-9483-11f0-9d1a-f21cf29515df'\n    'x-ms-version': 'REDACTED'\n    'x-ms-resource-type': 'REDACTED'\n    'x-ms-creation-time': 'REDACTED'\n    'x-ms-blob-content-md5': 'REDACTED'\n    'x-ms-lease-status': 'REDACTED'\n    'x-ms-lease-state': 'REDACTED'\n    'x-ms-blob-type': 'REDACTED'\n    'x-ms-server-encrypted': 'REDACTED'\n    'x-ms-owner': 'REDACTED'\n    'x-ms-group': 'REDACTED'\n    'x-ms-permissions': 'REDACTED'\n    'x-ms-acl': 'REDACTED'\n    'Date': 'Thu, 18 Sep 2025 11:32:56 GMT'","logger":"azure.core.pipeline.policies.http_logging_policy"}
{"timestamp":"2025-09-18T11:32:56.803716Z","level":"info","event":"  Caricati 7 record da hotels","chan":"stdout","logger":"task"}
{"timestamp":"2025-09-18T11:32:56.804052Z","level":"info","event":"  Colonne: ['hotel_id', 'hotel_name', 'stars', 'country', 'ingestion_date', 'dq_missing_hotel_id', 'dq_missing_hotel_name', 'dq_missing_stars', 'dq_missing_country', 'dq_missing_ingestion_date']","chan":"stdout","logger":"task"}
{"timestamp":"2025-09-18T11:32:56.807467Z","level":"info","event":"  Tipi: hotel_id                     object","chan":"stdout","logger":"task"}
{"timestamp":"2025-09-18T11:32:56.807631Z","level":"info","event":"hotel_name                   object","chan":"stdout","logger":"task"}
{"timestamp":"2025-09-18T11:32:56.807723Z","level":"info","event":"stars                         int64","chan":"stdout","logger":"task"}
{"timestamp":"2025-09-18T11:32:56.807811Z","level":"info","event":"country                      object","chan":"stdout","logger":"task"}
{"timestamp":"2025-09-18T11:32:56.807894Z","level":"info","event":"ingestion_date               object","chan":"stdout","logger":"task"}
{"timestamp":"2025-09-18T11:32:56.807981Z","level":"info","event":"dq_missing_hotel_id            bool","chan":"stdout","logger":"task"}
{"timestamp":"2025-09-18T11:32:56.808093Z","level":"info","event":"dq_missing_hotel_name          bool","chan":"stdout","logger":"task"}
{"timestamp":"2025-09-18T11:32:56.808179Z","level":"info","event":"dq_missing_stars               bool","chan":"stdout","logger":"task"}
{"timestamp":"2025-09-18T11:32:56.808263Z","level":"info","event":"dq_missing_country             bool","chan":"stdout","logger":"task"}
{"timestamp":"2025-09-18T11:32:56.808347Z","level":"info","event":"dq_missing_ingestion_date      bool","chan":"stdout","logger":"task"}
{"timestamp":"2025-09-18T11:32:56.808513Z","level":"info","event":"dtype: object","chan":"stdout","logger":"task"}
{"timestamp":"2025-09-18T11:32:56.808636Z","level":"info","event":"Caricamento dati rooms...","chan":"stdout","logger":"task"}
{"timestamp":"2025-09-18T11:32:56.808042","level":"info","event":"Request URL: 'https://iulianoprojectwork.blob.core.windows.net/silver/2025-09-18/rooms.parquet'\nRequest method: 'GET'\nRequest headers:\n    'x-ms-range': 'REDACTED'\n    'x-ms-version': 'REDACTED'\n    'Accept': 'application/xml'\n    'User-Agent': 'azsdk-python-storage-blob/12.26.0 Python/3.12.11 (Linux-6.6.87.2-microsoft-standard-WSL2-x86_64-with-glibc2.36)'\n    'x-ms-date': 'REDACTED'\n    'x-ms-client-request-id': '39196818-9483-11f0-9d1a-f21cf29515df'\n    'Authorization': 'REDACTED'\nNo body was attached to the request","logger":"azure.core.pipeline.policies.http_logging_policy"}
{"timestamp":"2025-09-18T11:32:56.838680","level":"info","event":"Response status: 206\nResponse headers:\n    'Content-Length': '8532'\n    'Content-Type': 'application/octet-stream'\n    'Content-Range': 'REDACTED'\n    'Last-Modified': 'Thu, 18 Sep 2025 11:32:55 GMT'\n    'Accept-Ranges': 'REDACTED'\n    'ETag': '\"0x8DDF6A71C3E88B8\"'\n    'Server': 'Windows-Azure-Blob/1.0 Microsoft-HTTPAPI/2.0'\n    'x-ms-request-id': '99b7dfa3-d01e-0083-4b8f-28249c000000'\n    'x-ms-client-request-id': '39196818-9483-11f0-9d1a-f21cf29515df'\n    'x-ms-version': 'REDACTED'\n    'x-ms-resource-type': 'REDACTED'\n    'x-ms-creation-time': 'REDACTED'\n    'x-ms-blob-content-md5': 'REDACTED'\n    'x-ms-lease-status': 'REDACTED'\n    'x-ms-lease-state': 'REDACTED'\n    'x-ms-blob-type': 'REDACTED'\n    'x-ms-server-encrypted': 'REDACTED'\n    'x-ms-owner': 'REDACTED'\n    'x-ms-group': 'REDACTED'\n    'x-ms-permissions': 'REDACTED'\n    'x-ms-acl': 'REDACTED'\n    'Date': 'Thu, 18 Sep 2025 11:32:56 GMT'","logger":"azure.core.pipeline.policies.http_logging_policy"}
{"timestamp":"2025-09-18T11:32:56.841365Z","level":"info","event":"  Caricati 200 record da rooms","chan":"stdout","logger":"task"}
{"timestamp":"2025-09-18T11:32:56.841645Z","level":"info","event":"  Colonne: ['room_id', 'hotel_id', 'room_type_code', 'room_type_desc', 'max_occupancy', 'ingestion_date', 'dq_missing_room_id', 'dq_missing_hotel_id', 'dq_missing_room_type_code', 'dq_missing_room_type_desc', 'dq_missing_max_occupancy', 'dq_missing_ingestion_date']","chan":"stdout","logger":"task"}
{"timestamp":"2025-09-18T11:32:56.842010Z","level":"info","event":"  Tipi: room_id                      object","chan":"stdout","logger":"task"}
{"timestamp":"2025-09-18T11:32:56.842156Z","level":"info","event":"hotel_id                     object","chan":"stdout","logger":"task"}
{"timestamp":"2025-09-18T11:32:56.842308Z","level":"info","event":"room_type_code               object","chan":"stdout","logger":"task"}
{"timestamp":"2025-09-18T11:32:56.842429Z","level":"info","event":"room_type_desc               object","chan":"stdout","logger":"task"}
{"timestamp":"2025-09-18T11:32:56.842577Z","level":"info","event":"max_occupancy                 int64","chan":"stdout","logger":"task"}
{"timestamp":"2025-09-18T11:32:56.842827Z","level":"info","event":"ingestion_date               object","chan":"stdout","logger":"task"}
{"timestamp":"2025-09-18T11:32:56.842975Z","level":"info","event":"dq_missing_room_id             bool","chan":"stdout","logger":"task"}
{"timestamp":"2025-09-18T11:32:56.843315Z","level":"info","event":"dq_missing_hotel_id            bool","chan":"stdout","logger":"task"}
{"timestamp":"2025-09-18T11:32:56.843510Z","level":"info","event":"dq_missing_room_type_code      bool","chan":"stdout","logger":"task"}
{"timestamp":"2025-09-18T11:32:56.843657Z","level":"info","event":"dq_missing_room_type_desc      bool","chan":"stdout","logger":"task"}
{"timestamp":"2025-09-18T11:32:56.843767Z","level":"info","event":"dq_missing_max_occupancy       bool","chan":"stdout","logger":"task"}
{"timestamp":"2025-09-18T11:32:56.843883Z","level":"info","event":"dq_missing_ingestion_date      bool","chan":"stdout","logger":"task"}
{"timestamp":"2025-09-18T11:32:56.844012Z","level":"info","event":"dtype: object","chan":"stdout","logger":"task"}
{"timestamp":"2025-09-18T11:32:56.844157Z","level":"info","event":"Caricamento dati customers...","chan":"stdout","logger":"task"}
{"timestamp":"2025-09-18T11:32:56.842293","level":"info","event":"Request URL: 'https://iulianoprojectwork.blob.core.windows.net/silver/2025-09-18/customers.parquet'\nRequest method: 'GET'\nRequest headers:\n    'x-ms-range': 'REDACTED'\n    'x-ms-version': 'REDACTED'\n    'Accept': 'application/xml'\n    'User-Agent': 'azsdk-python-storage-blob/12.26.0 Python/3.12.11 (Linux-6.6.87.2-microsoft-standard-WSL2-x86_64-with-glibc2.36)'\n    'x-ms-date': 'REDACTED'\n    'x-ms-client-request-id': '391ea3d2-9483-11f0-9d1a-f21cf29515df'\n    'Authorization': 'REDACTED'\nNo body was attached to the request","logger":"azure.core.pipeline.policies.http_logging_policy"}
{"timestamp":"2025-09-18T11:32:56.874889","level":"info","event":"Response status: 206\nResponse headers:\n    'Content-Length': '50036'\n    'Content-Type': 'application/octet-stream'\n    'Content-Range': 'REDACTED'\n    'Last-Modified': 'Thu, 18 Sep 2025 11:32:55 GMT'\n    'Accept-Ranges': 'REDACTED'\n    'ETag': '\"0x8DDF6A71C476244\"'\n    'Server': 'Windows-Azure-Blob/1.0 Microsoft-HTTPAPI/2.0'\n    'x-ms-request-id': '99b7dfa7-d01e-0083-4f8f-28249c000000'\n    'x-ms-client-request-id': '391ea3d2-9483-11f0-9d1a-f21cf29515df'\n    'x-ms-version': 'REDACTED'\n    'x-ms-resource-type': 'REDACTED'\n    'x-ms-creation-time': 'REDACTED'\n    'x-ms-blob-content-md5': 'REDACTED'\n    'x-ms-lease-status': 'REDACTED'\n    'x-ms-lease-state': 'REDACTED'\n    'x-ms-blob-type': 'REDACTED'\n    'x-ms-server-encrypted': 'REDACTED'\n    'x-ms-owner': 'REDACTED'\n    'x-ms-group': 'REDACTED'\n    'x-ms-permissions': 'REDACTED'\n    'x-ms-acl': 'REDACTED'\n    'Date': 'Thu, 18 Sep 2025 11:32:56 GMT'","logger":"azure.core.pipeline.policies.http_logging_policy"}
{"timestamp":"2025-09-18T11:32:56.900388Z","level":"info","event":"  Caricati 3000 record da customers","chan":"stdout","logger":"task"}
{"timestamp":"2025-09-18T11:32:56.900633Z","level":"info","event":"  Colonne: ['customer_id', 'first_name', 'last_name', 'email', 'country', 'gdpr_optin', 'ingestion_date', 'dq_email_null', 'dq_missing_customer_id', 'dq_missing_first_name', 'dq_missing_last_name', 'dq_missing_email', 'dq_missing_country', 'dq_missing_gdpr_optin', 'dq_missing_ingestion_date', 'dq_missing_dq_email_null']","chan":"stdout","logger":"task"}
{"timestamp":"2025-09-18T11:32:56.900829Z","level":"info","event":"  Tipi: customer_id                  object","chan":"stdout","logger":"task"}
{"timestamp":"2025-09-18T11:32:56.900932Z","level":"info","event":"first_name                   object","chan":"stdout","logger":"task"}
{"timestamp":"2025-09-18T11:32:56.901022Z","level":"info","event":"last_name                    object","chan":"stdout","logger":"task"}
{"timestamp":"2025-09-18T11:32:56.901111Z","level":"info","event":"email                        object","chan":"stdout","logger":"task"}
{"timestamp":"2025-09-18T11:32:56.901220Z","level":"info","event":"country                      object","chan":"stdout","logger":"task"}
{"timestamp":"2025-09-18T11:32:56.901308Z","level":"info","event":"gdpr_optin                    int64","chan":"stdout","logger":"task"}
{"timestamp":"2025-09-18T11:32:56.901394Z","level":"info","event":"ingestion_date               object","chan":"stdout","logger":"task"}
{"timestamp":"2025-09-18T11:32:56.901510Z","level":"info","event":"dq_email_null                  bool","chan":"stdout","logger":"task"}
{"timestamp":"2025-09-18T11:32:56.901652Z","level":"info","event":"dq_missing_customer_id         bool","chan":"stdout","logger":"task"}
{"timestamp":"2025-09-18T11:32:56.901779Z","level":"info","event":"dq_missing_first_name          bool","chan":"stdout","logger":"task"}
{"timestamp":"2025-09-18T11:32:56.901950Z","level":"info","event":"dq_missing_last_name           bool","chan":"stdout","logger":"task"}
{"timestamp":"2025-09-18T11:32:56.902075Z","level":"info","event":"dq_missing_email               bool","chan":"stdout","logger":"task"}
{"timestamp":"2025-09-18T11:32:56.902198Z","level":"info","event":"dq_missing_country             bool","chan":"stdout","logger":"task"}
{"timestamp":"2025-09-18T11:32:56.902332Z","level":"info","event":"dq_missing_gdpr_optin          bool","chan":"stdout","logger":"task"}
{"timestamp":"2025-09-18T11:32:56.902445Z","level":"info","event":"dq_missing_ingestion_date      bool","chan":"stdout","logger":"task"}
{"timestamp":"2025-09-18T11:32:56.902539Z","level":"info","event":"dq_missing_dq_email_null       bool","chan":"stdout","logger":"task"}
{"timestamp":"2025-09-18T11:32:56.902669Z","level":"info","event":"dtype: object","chan":"stdout","logger":"task"}
{"timestamp":"2025-09-18T11:32:56.902781Z","level":"info","event":"Caricamento dati bookings...","chan":"stdout","logger":"task"}
{"timestamp":"2025-09-18T11:32:56.901238","level":"info","event":"Request URL: 'https://iulianoprojectwork.blob.core.windows.net/silver/2025-09-18/bookings.parquet'\nRequest method: 'GET'\nRequest headers:\n    'x-ms-range': 'REDACTED'\n    'x-ms-version': 'REDACTED'\n    'Accept': 'application/xml'\n    'User-Agent': 'azsdk-python-storage-blob/12.26.0 Python/3.12.11 (Linux-6.6.87.2-microsoft-standard-WSL2-x86_64-with-glibc2.36)'\n    'x-ms-date': 'REDACTED'\n    'x-ms-client-request-id': '3927a216-9483-11f0-9d1a-f21cf29515df'\n    'Authorization': 'REDACTED'\nNo body was attached to the request","logger":"azure.core.pipeline.policies.http_logging_policy"}
{"timestamp":"2025-09-18T11:32:56.932130","level":"info","event":"Response status: 206\nResponse headers:\n    'Content-Length': '152628'\n    'Content-Type': 'application/octet-stream'\n    'Content-Range': 'REDACTED'\n    'Last-Modified': 'Thu, 18 Sep 2025 11:32:55 GMT'\n    'Accept-Ranges': 'REDACTED'\n    'ETag': '\"0x8DDF6A71C525AB0\"'\n    'Server': 'Windows-Azure-Blob/1.0 Microsoft-HTTPAPI/2.0'\n    'x-ms-request-id': '99b7dfab-d01e-0083-528f-28249c000000'\n    'x-ms-client-request-id': '3927a216-9483-11f0-9d1a-f21cf29515df'\n    'x-ms-version': 'REDACTED'\n    'x-ms-resource-type': 'REDACTED'\n    'x-ms-creation-time': 'REDACTED'\n    'x-ms-blob-content-md5': 'REDACTED'\n    'x-ms-lease-status': 'REDACTED'\n    'x-ms-lease-state': 'REDACTED'\n    'x-ms-blob-type': 'REDACTED'\n    'x-ms-server-encrypted': 'REDACTED'\n    'x-ms-owner': 'REDACTED'\n    'x-ms-group': 'REDACTED'\n    'x-ms-permissions': 'REDACTED'\n    'x-ms-acl': 'REDACTED'\n    'Date': 'Thu, 18 Sep 2025 11:32:56 GMT'","logger":"azure.core.pipeline.policies.http_logging_policy"}
{"timestamp":"2025-09-18T11:32:56.966178Z","level":"info","event":"  Caricati 6000 record da bookings","chan":"stdout","logger":"task"}
{"timestamp":"2025-09-18T11:32:56.966531Z","level":"info","event":"  Colonne: ['booking_id', 'customer_id', 'hotel_id', 'room_id', 'created_at', 'checkin_date', 'checkout_date', 'nights', 'currency', 'total_amount', 'status', 'source', 'ingestion_date', 'dq_date_inverted', 'dq_amount_negative', 'dq_currency_invalid', 'dq_missing_booking_id', 'dq_missing_customer_id', 'dq_missing_hotel_id', 'dq_missing_room_id', 'dq_missing_created_at', 'dq_missing_checkin_date', 'dq_missing_checkout_date', 'dq_missing_nights', 'dq_missing_currency', 'dq_missing_total_amount', 'dq_missing_status', 'dq_missing_source', 'dq_missing_ingestion_date', 'dq_missing_dq_date_inverted', 'dq_missing_dq_amount_negative', 'dq_missing_dq_currency_invalid']","chan":"stdout","logger":"task"}
{"timestamp":"2025-09-18T11:32:56.966745Z","level":"info","event":"  Tipi: booking_id                         object","chan":"stdout","logger":"task"}
{"timestamp":"2025-09-18T11:32:56.966912Z","level":"info","event":"customer_id                        object","chan":"stdout","logger":"task"}
{"timestamp":"2025-09-18T11:32:56.967170Z","level":"info","event":"hotel_id                           object","chan":"stdout","logger":"task"}
{"timestamp":"2025-09-18T11:32:56.967309Z","level":"info","event":"room_id                            object","chan":"stdout","logger":"task"}
{"timestamp":"2025-09-18T11:32:56.967460Z","level":"info","event":"created_at                         object","chan":"stdout","logger":"task"}
{"timestamp":"2025-09-18T11:32:56.967585Z","level":"info","event":"checkin_date                       object","chan":"stdout","logger":"task"}
{"timestamp":"2025-09-18T11:32:56.967701Z","level":"info","event":"checkout_date                      object","chan":"stdout","logger":"task"}
{"timestamp":"2025-09-18T11:32:56.967793Z","level":"info","event":"nights                              int64","chan":"stdout","logger":"task"}
{"timestamp":"2025-09-18T11:32:56.967905Z","level":"info","event":"currency                           object","chan":"stdout","logger":"task"}
{"timestamp":"2025-09-18T11:32:56.968081Z","level":"info","event":"total_amount                      float64","chan":"stdout","logger":"task"}
{"timestamp":"2025-09-18T11:32:56.968199Z","level":"info","event":"status                             object","chan":"stdout","logger":"task"}
{"timestamp":"2025-09-18T11:32:56.968342Z","level":"info","event":"source                             object","chan":"stdout","logger":"task"}
{"timestamp":"2025-09-18T11:32:56.968472Z","level":"info","event":"ingestion_date                     object","chan":"stdout","logger":"task"}
{"timestamp":"2025-09-18T11:32:56.968590Z","level":"info","event":"dq_date_inverted                     bool","chan":"stdout","logger":"task"}
{"timestamp":"2025-09-18T11:32:56.968678Z","level":"info","event":"dq_amount_negative                   bool","chan":"stdout","logger":"task"}
{"timestamp":"2025-09-18T11:32:56.968762Z","level":"info","event":"dq_currency_invalid                  bool","chan":"stdout","logger":"task"}
{"timestamp":"2025-09-18T11:32:56.968848Z","level":"info","event":"dq_missing_booking_id                bool","chan":"stdout","logger":"task"}
{"timestamp":"2025-09-18T11:32:56.968930Z","level":"info","event":"dq_missing_customer_id               bool","chan":"stdout","logger":"task"}
{"timestamp":"2025-09-18T11:32:56.969014Z","level":"info","event":"dq_missing_hotel_id                  bool","chan":"stdout","logger":"task"}
{"timestamp":"2025-09-18T11:32:56.969145Z","level":"info","event":"dq_missing_room_id                   bool","chan":"stdout","logger":"task"}
{"timestamp":"2025-09-18T11:32:56.969230Z","level":"info","event":"dq_missing_created_at                bool","chan":"stdout","logger":"task"}
{"timestamp":"2025-09-18T11:32:56.969313Z","level":"info","event":"dq_missing_checkin_date              bool","chan":"stdout","logger":"task"}
{"timestamp":"2025-09-18T11:32:56.969397Z","level":"info","event":"dq_missing_checkout_date             bool","chan":"stdout","logger":"task"}
{"timestamp":"2025-09-18T11:32:56.969481Z","level":"info","event":"dq_missing_nights                    bool","chan":"stdout","logger":"task"}
{"timestamp":"2025-09-18T11:32:56.969563Z","level":"info","event":"dq_missing_currency                  bool","chan":"stdout","logger":"task"}
{"timestamp":"2025-09-18T11:32:56.969650Z","level":"info","event":"dq_missing_total_amount              bool","chan":"stdout","logger":"task"}
{"timestamp":"2025-09-18T11:32:56.969734Z","level":"info","event":"dq_missing_status                    bool","chan":"stdout","logger":"task"}
{"timestamp":"2025-09-18T11:32:56.970027Z","level":"info","event":"dq_missing_source                    bool","chan":"stdout","logger":"task"}
{"timestamp":"2025-09-18T11:32:56.970149Z","level":"info","event":"dq_missing_ingestion_date            bool","chan":"stdout","logger":"task"}
{"timestamp":"2025-09-18T11:32:56.970274Z","level":"info","event":"dq_missing_dq_date_inverted          bool","chan":"stdout","logger":"task"}
{"timestamp":"2025-09-18T11:32:56.970361Z","level":"info","event":"dq_missing_dq_amount_negative        bool","chan":"stdout","logger":"task"}
{"timestamp":"2025-09-18T11:32:56.970444Z","level":"info","event":"dq_missing_dq_currency_invalid       bool","chan":"stdout","logger":"task"}
{"timestamp":"2025-09-18T11:32:56.970528Z","level":"info","event":"dtype: object","chan":"stdout","logger":"task"}
{"timestamp":"2025-09-18T11:32:56.970633Z","level":"info","event":"Caricamento dati payments...","chan":"stdout","logger":"task"}
{"timestamp":"2025-09-18T11:32:56.967243","level":"info","event":"Request URL: 'https://iulianoprojectwork.blob.core.windows.net/silver/2025-09-18/payments.parquet'\nRequest method: 'GET'\nRequest headers:\n    'x-ms-range': 'REDACTED'\n    'x-ms-version': 'REDACTED'\n    'Accept': 'application/xml'\n    'User-Agent': 'azsdk-python-storage-blob/12.26.0 Python/3.12.11 (Linux-6.6.87.2-microsoft-standard-WSL2-x86_64-with-glibc2.36)'\n    'x-ms-date': 'REDACTED'\n    'x-ms-client-request-id': '3931b260-9483-11f0-9d1a-f21cf29515df'\n    'Authorization': 'REDACTED'\nNo body was attached to the request","logger":"azure.core.pipeline.policies.http_logging_policy"}
{"timestamp":"2025-09-18T11:32:56.999233","level":"info","event":"Response status: 206\nResponse headers:\n    'Content-Length': '137419'\n    'Content-Type': 'application/octet-stream'\n    'Content-Range': 'REDACTED'\n    'Last-Modified': 'Thu, 18 Sep 2025 11:32:55 GMT'\n    'Accept-Ranges': 'REDACTED'\n    'ETag': '\"0x8DDF6A71C5A57B4\"'\n    'Server': 'Windows-Azure-Blob/1.0 Microsoft-HTTPAPI/2.0'\n    'x-ms-request-id': '99b7dfb1-d01e-0083-578f-28249c000000'\n    'x-ms-client-request-id': '3931b260-9483-11f0-9d1a-f21cf29515df'\n    'x-ms-version': 'REDACTED'\n    'x-ms-resource-type': 'REDACTED'\n    'x-ms-creation-time': 'REDACTED'\n    'x-ms-blob-content-md5': 'REDACTED'\n    'x-ms-lease-status': 'REDACTED'\n    'x-ms-lease-state': 'REDACTED'\n    'x-ms-blob-type': 'REDACTED'\n    'x-ms-server-encrypted': 'REDACTED'\n    'x-ms-owner': 'REDACTED'\n    'x-ms-group': 'REDACTED'\n    'x-ms-permissions': 'REDACTED'\n    'x-ms-acl': 'REDACTED'\n    'Date': 'Thu, 18 Sep 2025 11:32:56 GMT'","logger":"azure.core.pipeline.policies.http_logging_policy"}
{"timestamp":"2025-09-18T11:32:57.057113Z","level":"info","event":"  Caricati 4595 record da payments","chan":"stdout","logger":"task"}
{"timestamp":"2025-09-18T11:32:57.057461Z","level":"info","event":"  Colonne: ['payment_id', 'booking_id', 'provider', 'status', 'amount', 'currency', 'transaction_date', 'ingestion_date', 'dq_orphan', 'dq_over_amount', 'dq_currency_invalid', 'dq_missing_payment_id', 'dq_missing_booking_id', 'dq_missing_provider', 'dq_missing_status', 'dq_missing_amount', 'dq_missing_currency', 'dq_missing_transaction_date', 'dq_missing_ingestion_date', 'dq_missing_dq_orphan', 'dq_missing_dq_over_amount', 'dq_missing_dq_currency_invalid']","chan":"stdout","logger":"task"}
{"timestamp":"2025-09-18T11:32:57.057820Z","level":"info","event":"  Tipi: payment_id                         object","chan":"stdout","logger":"task"}
{"timestamp":"2025-09-18T11:32:57.058018Z","level":"info","event":"booking_id                         object","chan":"stdout","logger":"task"}
{"timestamp":"2025-09-18T11:32:57.058176Z","level":"info","event":"provider                           object","chan":"stdout","logger":"task"}
{"timestamp":"2025-09-18T11:32:57.058332Z","level":"info","event":"status                             object","chan":"stdout","logger":"task"}
{"timestamp":"2025-09-18T11:32:57.058492Z","level":"info","event":"amount                            float64","chan":"stdout","logger":"task"}
{"timestamp":"2025-09-18T11:32:57.058670Z","level":"info","event":"currency                           object","chan":"stdout","logger":"task"}
{"timestamp":"2025-09-18T11:32:57.058853Z","level":"info","event":"transaction_date                   object","chan":"stdout","logger":"task"}
{"timestamp":"2025-09-18T11:32:57.059010Z","level":"info","event":"ingestion_date                     object","chan":"stdout","logger":"task"}
{"timestamp":"2025-09-18T11:32:57.059167Z","level":"info","event":"dq_orphan                            bool","chan":"stdout","logger":"task"}
{"timestamp":"2025-09-18T11:32:57.059346Z","level":"info","event":"dq_over_amount                       bool","chan":"stdout","logger":"task"}
{"timestamp":"2025-09-18T11:32:57.059489Z","level":"info","event":"dq_currency_invalid                  bool","chan":"stdout","logger":"task"}
{"timestamp":"2025-09-18T11:32:57.059630Z","level":"info","event":"dq_missing_payment_id                bool","chan":"stdout","logger":"task"}
{"timestamp":"2025-09-18T11:32:57.059882Z","level":"info","event":"dq_missing_booking_id                bool","chan":"stdout","logger":"task"}
{"timestamp":"2025-09-18T11:32:57.060006Z","level":"info","event":"dq_missing_provider                  bool","chan":"stdout","logger":"task"}
{"timestamp":"2025-09-18T11:32:57.060142Z","level":"info","event":"dq_missing_status                    bool","chan":"stdout","logger":"task"}
{"timestamp":"2025-09-18T11:32:57.060267Z","level":"info","event":"dq_missing_amount                    bool","chan":"stdout","logger":"task"}
{"timestamp":"2025-09-18T11:32:57.060379Z","level":"info","event":"dq_missing_currency                  bool","chan":"stdout","logger":"task"}
{"timestamp":"2025-09-18T11:32:57.060488Z","level":"info","event":"dq_missing_transaction_date          bool","chan":"stdout","logger":"task"}
{"timestamp":"2025-09-18T11:32:57.060590Z","level":"info","event":"dq_missing_ingestion_date            bool","chan":"stdout","logger":"task"}
{"timestamp":"2025-09-18T11:32:57.060763Z","level":"info","event":"dq_missing_dq_orphan                 bool","chan":"stdout","logger":"task"}
{"timestamp":"2025-09-18T11:32:57.061006Z","level":"info","event":"dq_missing_dq_over_amount            bool","chan":"stdout","logger":"task"}
{"timestamp":"2025-09-18T11:32:57.061312Z","level":"info","event":"dq_missing_dq_currency_invalid       bool","chan":"stdout","logger":"task"}
{"timestamp":"2025-09-18T11:32:57.061578Z","level":"info","event":"dtype: object","chan":"stdout","logger":"task"}
{"timestamp":"2025-09-18T11:32:57.083672","level":"info","event":"Request URL: 'https://iulianoprojectwork.blob.core.windows.net/gold/2025-09-18/bookings.parquet'\nRequest method: 'PUT'\nRequest headers:\n    'Content-Length': '71259'\n    'x-ms-blob-type': 'REDACTED'\n    'x-ms-version': 'REDACTED'\n    'Content-Type': 'application/octet-stream'\n    'Accept': 'application/xml'\n    'User-Agent': 'azsdk-python-storage-blob/12.26.0 Python/3.12.11 (Linux-6.6.87.2-microsoft-standard-WSL2-x86_64-with-glibc2.36)'\n    'x-ms-date': 'REDACTED'\n    'x-ms-client-request-id': '3943778e-9483-11f0-9d1a-f21cf29515df'\n    'Authorization': 'REDACTED'\nA body is sent with the request","logger":"azure.core.pipeline.policies.http_logging_policy"}
{"timestamp":"2025-09-18T11:32:57.171833","level":"info","event":"Response status: 201\nResponse headers:\n    'Content-Length': '0'\n    'Content-MD5': 'REDACTED'\n    'Last-Modified': 'Thu, 18 Sep 2025 11:32:56 GMT'\n    'ETag': '\"0x8DDF6A71D1F8008\"'\n    'Server': 'Windows-Azure-Blob/1.0 Microsoft-HTTPAPI/2.0'\n    'x-ms-request-id': '99b7dfb6-d01e-0083-5b8f-28249c000000'\n    'x-ms-client-request-id': '3943778e-9483-11f0-9d1a-f21cf29515df'\n    'x-ms-version': 'REDACTED'\n    'x-ms-content-crc64': 'REDACTED'\n    'x-ms-request-server-encrypted': 'REDACTED'\n    'Date': 'Thu, 18 Sep 2025 11:32:56 GMT'","logger":"azure.core.pipeline.policies.http_logging_policy"}
{"timestamp":"2025-09-18T11:32:57.172564Z","level":"info","event":"Scrittura completata di 2025-09-18/bookings.parquet","chan":"stdout","logger":"task"}
{"timestamp":"2025-09-18T11:32:57.172841Z","level":"info","event":"  bookings.parquet per ML salvato con 2956 righe e colonne pulite","chan":"stdout","logger":"task"}
{"timestamp":"2025-09-18T11:32:57.175114","level":"info","event":"Request URL: 'https://iulianoprojectwork.blob.core.windows.net/gold/2025-09-18/rooms.parquet'\nRequest method: 'PUT'\nRequest headers:\n    'Content-Length': '5152'\n    'x-ms-blob-type': 'REDACTED'\n    'x-ms-version': 'REDACTED'\n    'Content-Type': 'application/octet-stream'\n    'Accept': 'application/xml'\n    'User-Agent': 'azsdk-python-storage-blob/12.26.0 Python/3.12.11 (Linux-6.6.87.2-microsoft-standard-WSL2-x86_64-with-glibc2.36)'\n    'x-ms-date': 'REDACTED'\n    'x-ms-client-request-id': '39516b46-9483-11f0-9d1a-f21cf29515df'\n    'Authorization': 'REDACTED'\nA body is sent with the request","logger":"azure.core.pipeline.policies.http_logging_policy"}
{"timestamp":"2025-09-18T11:32:57.212599","level":"info","event":"Response status: 201\nResponse headers:\n    'Content-Length': '0'\n    'Content-MD5': 'REDACTED'\n    'Last-Modified': 'Thu, 18 Sep 2025 11:32:56 GMT'\n    'ETag': '\"0x8DDF6A71D25EC78\"'\n    'Server': 'Windows-Azure-Blob/1.0 Microsoft-HTTPAPI/2.0'\n    'x-ms-request-id': '99b7dfbd-d01e-0083-618f-28249c000000'\n    'x-ms-client-request-id': '39516b46-9483-11f0-9d1a-f21cf29515df'\n    'x-ms-version': 'REDACTED'\n    'x-ms-content-crc64': 'REDACTED'\n    'x-ms-request-server-encrypted': 'REDACTED'\n    'Date': 'Thu, 18 Sep 2025 11:32:56 GMT'","logger":"azure.core.pipeline.policies.http_logging_policy"}
{"timestamp":"2025-09-18T11:32:57.213150Z","level":"info","event":"Scrittura completata di 2025-09-18/rooms.parquet","chan":"stdout","logger":"task"}
{"timestamp":"2025-09-18T11:32:57.213397Z","level":"info","event":"  rooms.parquet pulito salvato con 200 righe","chan":"stdout","logger":"task"}
{"timestamp":"2025-09-18T11:32:57.213587Z","level":"info","event":"Calcolo KPI Daily Revenue...","chan":"stdout","logger":"task"}
{"timestamp":"2025-09-18T11:32:57.213814Z","level":"info","event":"Colonne bookings_df: Index(['booking_id', 'customer_id', 'hotel_id', 'room_id', 'created_at',","chan":"stdout","logger":"task"}
{"timestamp":"2025-09-18T11:32:57.213997Z","level":"info","event":"       'checkin_date', 'checkout_date', 'nights', 'currency', 'total_amount',","chan":"stdout","logger":"task"}
{"timestamp":"2025-09-18T11:32:57.214212Z","level":"info","event":"       'status', 'source', 'ingestion_date', 'dq_date_inverted',","chan":"stdout","logger":"task"}
{"timestamp":"2025-09-18T11:32:57.214391Z","level":"info","event":"       'dq_amount_negative', 'dq_currency_invalid', 'dq_missing_booking_id',","chan":"stdout","logger":"task"}
{"timestamp":"2025-09-18T11:32:57.214542Z","level":"info","event":"       'dq_missing_customer_id', 'dq_missing_hotel_id', 'dq_missing_room_id',","chan":"stdout","logger":"task"}
{"timestamp":"2025-09-18T11:32:57.214721Z","level":"info","event":"       'dq_missing_created_at', 'dq_missing_checkin_date',","chan":"stdout","logger":"task"}
{"timestamp":"2025-09-18T11:32:57.214867Z","level":"info","event":"       'dq_missing_checkout_date', 'dq_missing_nights', 'dq_missing_currency',","chan":"stdout","logger":"task"}
{"timestamp":"2025-09-18T11:32:57.215007Z","level":"info","event":"       'dq_missing_total_amount', 'dq_missing_status', 'dq_missing_source',","chan":"stdout","logger":"task"}
{"timestamp":"2025-09-18T11:32:57.215143Z","level":"info","event":"       'dq_missing_ingestion_date', 'dq_missing_dq_date_inverted',","chan":"stdout","logger":"task"}
{"timestamp":"2025-09-18T11:32:57.215293Z","level":"info","event":"       'dq_missing_dq_amount_negative', 'dq_missing_dq_currency_invalid'],","chan":"stdout","logger":"task"}
{"timestamp":"2025-09-18T11:32:57.215426Z","level":"info","event":"      dtype='object')","chan":"stdout","logger":"task"}
{"timestamp":"2025-09-18T11:32:57.220793Z","level":"info","event":"  Generati 226 record di ricavi giornalieri","chan":"stdout","logger":"task"}
{"timestamp":"2025-09-18T11:32:57.221181Z","level":"info","event":"Calcolo KPI Cancellation Rate by Source...","chan":"stdout","logger":"task"}
{"timestamp":"2025-09-18T11:32:57.224939Z","level":"info","event":"  Generati 5 record di tasso di cancellazione","chan":"stdout","logger":"task"}
{"timestamp":"2025-09-18T11:32:57.225111Z","level":"info","event":"Calcolo KPI Collection Rate...","chan":"stdout","logger":"task"}
{"timestamp":"2025-09-18T11:32:57.231608Z","level":"info","event":"Colonne collection_df: Index(['booking_id', 'customer_id', 'hotel_id', 'room_id', 'created_at',","chan":"stdout","logger":"task"}
{"timestamp":"2025-09-18T11:32:57.231832Z","level":"info","event":"       'checkin_date', 'checkout_date', 'nights', 'currency_booking',","chan":"stdout","logger":"task"}
{"timestamp":"2025-09-18T11:32:57.232007Z","level":"info","event":"       'total_amount', 'status_booking', 'source', 'ingestion_date_booking',","chan":"stdout","logger":"task"}
{"timestamp":"2025-09-18T11:32:57.232142Z","level":"info","event":"       'dq_date_inverted', 'dq_amount_negative', 'dq_currency_invalid_booking',","chan":"stdout","logger":"task"}
{"timestamp":"2025-09-18T11:32:57.232276Z","level":"info","event":"       'dq_missing_booking_id_booking', 'dq_missing_customer_id',","chan":"stdout","logger":"task"}
{"timestamp":"2025-09-18T11:32:57.232394Z","level":"info","event":"       'dq_missing_hotel_id', 'dq_missing_room_id', 'dq_missing_created_at',","chan":"stdout","logger":"task"}
{"timestamp":"2025-09-18T11:32:57.232526Z","level":"info","event":"       'dq_missing_checkin_date', 'dq_missing_checkout_date',","chan":"stdout","logger":"task"}
{"timestamp":"2025-09-18T11:32:57.232711Z","level":"info","event":"       'dq_missing_nights', 'dq_missing_currency_booking',","chan":"stdout","logger":"task"}
{"timestamp":"2025-09-18T11:32:57.232880Z","level":"info","event":"       'dq_missing_total_amount', 'dq_missing_status_booking',","chan":"stdout","logger":"task"}
{"timestamp":"2025-09-18T11:32:57.233303Z","level":"info","event":"       'dq_missing_source', 'dq_missing_ingestion_date_booking',","chan":"stdout","logger":"task"}
{"timestamp":"2025-09-18T11:32:57.233811Z","level":"info","event":"       'dq_missing_dq_date_inverted', 'dq_missing_dq_amount_negative',","chan":"stdout","logger":"task"}
{"timestamp":"2025-09-18T11:32:57.233941Z","level":"info","event":"       'dq_missing_dq_currency_invalid_booking', 'payment_id', 'provider',","chan":"stdout","logger":"task"}
{"timestamp":"2025-09-18T11:32:57.234149Z","level":"info","event":"       'status_payment', 'amount', 'currency_payment', 'transaction_date',","chan":"stdout","logger":"task"}
{"timestamp":"2025-09-18T11:32:57.234303Z","level":"info","event":"       'ingestion_date_payment', 'dq_orphan', 'dq_over_amount',","chan":"stdout","logger":"task"}
{"timestamp":"2025-09-18T11:32:57.234409Z","level":"info","event":"       'dq_currency_invalid_payment', 'dq_missing_payment_id',","chan":"stdout","logger":"task"}
{"timestamp":"2025-09-18T11:32:57.234499Z","level":"info","event":"       'dq_missing_booking_id_payment', 'dq_missing_provider',","chan":"stdout","logger":"task"}
{"timestamp":"2025-09-18T11:32:57.234587Z","level":"info","event":"       'dq_missing_status_payment', 'dq_missing_amount',","chan":"stdout","logger":"task"}
{"timestamp":"2025-09-18T11:32:57.234674Z","level":"info","event":"       'dq_missing_currency_payment', 'dq_missing_transaction_date',","chan":"stdout","logger":"task"}
{"timestamp":"2025-09-18T11:32:57.234761Z","level":"info","event":"       'dq_missing_ingestion_date_payment', 'dq_missing_dq_orphan',","chan":"stdout","logger":"task"}
{"timestamp":"2025-09-18T11:32:57.234849Z","level":"info","event":"       'dq_missing_dq_over_amount', 'dq_missing_dq_currency_invalid_payment'],","chan":"stdout","logger":"task"}
{"timestamp":"2025-09-18T11:32:57.234937Z","level":"info","event":"      dtype='object')","chan":"stdout","logger":"task"}
{"timestamp":"2025-09-18T11:32:57.247666Z","level":"info","event":"Prime righe collection_df:   booking_id  ... dq_missing_dq_currency_invalid_payment","chan":"stdout","logger":"task"}
{"timestamp":"2025-09-18T11:32:57.247848Z","level":"info","event":"0    B000003  ...                                  False","chan":"stdout","logger":"task"}
{"timestamp":"2025-09-18T11:32:57.247948Z","level":"info","event":"1    B000004  ...                                  False","chan":"stdout","logger":"task"}
{"timestamp":"2025-09-18T11:32:57.248039Z","level":"info","event":"2    B000005  ...                                  False","chan":"stdout","logger":"task"}
{"timestamp":"2025-09-18T11:32:57.248123Z","level":"info","event":"3    B000006  ...                                  False","chan":"stdout","logger":"task"}
{"timestamp":"2025-09-18T11:32:57.248219Z","level":"info","event":"4    B000006  ...                                  False","chan":"stdout","logger":"task"}
{"timestamp":"2025-09-18T11:32:57.248320Z","level":"info","event":"","chan":"stdout","logger":"task"}
{"timestamp":"2025-09-18T11:32:57.248407Z","level":"info","event":"[5 rows x 53 columns]","chan":"stdout","logger":"task"}
{"timestamp":"2025-09-18T11:32:57.248525Z","level":"info","event":"Valori unici dq_amount_negative: [False  True]","chan":"stdout","logger":"task"}
{"timestamp":"2025-09-18T11:32:57.248804Z","level":"info","event":"Conteggio True dq_amount_negative: 6 | False: 4559","chan":"stdout","logger":"task"}
{"timestamp":"2025-09-18T11:32:57.248956Z","level":"info","event":"Colonna dq_currency_invalid NON presente in collection_df","chan":"stdout","logger":"task"}
{"timestamp":"2025-09-18T11:32:57.249168Z","level":"info","event":"Valori unici dq_orphan: [False]","chan":"stdout","logger":"task"}
{"timestamp":"2025-09-18T11:32:57.249355Z","level":"info","event":"Conteggio True dq_orphan: 0 | False: 4565","chan":"stdout","logger":"task"}
{"timestamp":"2025-09-18T11:32:57.249477Z","level":"info","event":"Valori unici dq_over_amount: [False]","chan":"stdout","logger":"task"}
{"timestamp":"2025-09-18T11:32:57.249583Z","level":"info","event":"Conteggio True dq_over_amount: 0 | False: 4565","chan":"stdout","logger":"task"}
{"timestamp":"2025-09-18T11:32:57.249673Z","level":"info","event":"Valori unici dq_missing_total_amount: [False  True]","chan":"stdout","logger":"task"}
{"timestamp":"2025-09-18T11:32:57.249760Z","level":"info","event":"Conteggio True dq_missing_total_amount: 6 | False: 4559","chan":"stdout","logger":"task"}
{"timestamp":"2025-09-18T11:32:57.249924Z","level":"info","event":"Valori unici dq_missing_amount: [False]","chan":"stdout","logger":"task"}
{"timestamp":"2025-09-18T11:32:57.250055Z","level":"info","event":"Conteggio True dq_missing_amount: 0 | False: 4565","chan":"stdout","logger":"task"}
{"timestamp":"2025-09-18T11:32:57.252144Z","level":"info","event":"Righe dopo filtro: 4504","chan":"stdout","logger":"task"}
{"timestamp":"2025-09-18T11:32:57.264294Z","level":"info","event":"Prime righe valid_collection_df:   booking_id  ... dq_missing_dq_currency_invalid_payment","chan":"stdout","logger":"task"}
{"timestamp":"2025-09-18T11:32:57.264562Z","level":"info","event":"0    B000003  ...                                  False","chan":"stdout","logger":"task"}
{"timestamp":"2025-09-18T11:32:57.264689Z","level":"info","event":"1    B000004  ...                                  False","chan":"stdout","logger":"task"}
{"timestamp":"2025-09-18T11:32:57.264830Z","level":"info","event":"2    B000005  ...                                  False","chan":"stdout","logger":"task"}
{"timestamp":"2025-09-18T11:32:57.264961Z","level":"info","event":"3    B000006  ...                                  False","chan":"stdout","logger":"task"}
{"timestamp":"2025-09-18T11:32:57.265082Z","level":"info","event":"4    B000006  ...                                  False","chan":"stdout","logger":"task"}
{"timestamp":"2025-09-18T11:32:57.265299Z","level":"info","event":"","chan":"stdout","logger":"task"}
{"timestamp":"2025-09-18T11:32:57.265424Z","level":"info","event":"[5 rows x 53 columns]","chan":"stdout","logger":"task"}
{"timestamp":"2025-09-18T11:32:57.265552Z","level":"info","event":"Righe collection_result_df: 8","chan":"stdout","logger":"task"}
{"timestamp":"2025-09-18T11:32:57.267261Z","level":"info","event":"Prime righe collection_result_df:   hotel_id  total_bookings_value  total_payments_value  collection_rate","chan":"stdout","logger":"task"}
{"timestamp":"2025-09-18T11:32:57.267415Z","level":"info","event":"0     H001             284031.46             278483.12         0.980466","chan":"stdout","logger":"task"}
{"timestamp":"2025-09-18T11:32:57.267546Z","level":"info","event":"1     H002             291389.57             286660.88         0.983772","chan":"stdout","logger":"task"}
{"timestamp":"2025-09-18T11:32:57.267650Z","level":"info","event":"2     H003             297065.23             292016.84         0.983006","chan":"stdout","logger":"task"}
{"timestamp":"2025-09-18T11:32:57.267740Z","level":"info","event":"3     H004             286256.58             281760.85         0.984295","chan":"stdout","logger":"task"}
{"timestamp":"2025-09-18T11:32:57.267828Z","level":"info","event":"4     H005             275858.93             271923.01         0.985732","chan":"stdout","logger":"task"}
{"timestamp":"2025-09-18T11:32:57.267917Z","level":"info","event":"  Generati 8 record di tasso di incasso","chan":"stdout","logger":"task"}
{"timestamp":"2025-09-18T11:32:57.268000Z","level":"info","event":"Calcolo KPI Overbooking Alerts...","chan":"stdout","logger":"task"}
{"timestamp":"2025-09-18T11:32:57.344048Z","level":"info","event":"Colonne overbooking_df: Index(['booking_id_1', 'customer_id_1', 'hotel_id_1', 'room_id',","chan":"stdout","logger":"task"}
{"timestamp":"2025-09-18T11:32:57.344395Z","level":"info","event":"       'created_at_1', 'checkin_date_1', 'checkout_date_1', 'nights_1',","chan":"stdout","logger":"task"}
{"timestamp":"2025-09-18T11:32:57.344577Z","level":"info","event":"       'currency_1', 'total_amount_1', 'status_1', 'source_1',","chan":"stdout","logger":"task"}
{"timestamp":"2025-09-18T11:32:57.344740Z","level":"info","event":"       'ingestion_date_1', 'dq_date_inverted_1', 'dq_amount_negative_1',","chan":"stdout","logger":"task"}
{"timestamp":"2025-09-18T11:32:57.344870Z","level":"info","event":"       'dq_currency_invalid_1', 'dq_missing_booking_id_1',","chan":"stdout","logger":"task"}
{"timestamp":"2025-09-18T11:32:57.345018Z","level":"info","event":"       'dq_missing_customer_id_1', 'dq_missing_hotel_id_1',","chan":"stdout","logger":"task"}
{"timestamp":"2025-09-18T11:32:57.345334Z","level":"info","event":"       'dq_missing_room_id_1', 'dq_missing_created_at_1',","chan":"stdout","logger":"task"}
{"timestamp":"2025-09-18T11:32:57.345737Z","level":"info","event":"       'dq_missing_checkin_date_1', 'dq_missing_checkout_date_1',","chan":"stdout","logger":"task"}
{"timestamp":"2025-09-18T11:32:57.345918Z","level":"info","event":"       'dq_missing_nights_1', 'dq_missing_currency_1',","chan":"stdout","logger":"task"}
{"timestamp":"2025-09-18T11:32:57.346083Z","level":"info","event":"       'dq_missing_total_amount_1', 'dq_missing_status_1',","chan":"stdout","logger":"task"}
{"timestamp":"2025-09-18T11:32:57.346229Z","level":"info","event":"       'dq_missing_source_1', 'dq_missing_ingestion_date_1',","chan":"stdout","logger":"task"}
{"timestamp":"2025-09-18T11:32:57.346377Z","level":"info","event":"       'dq_missing_dq_date_inverted_1', 'dq_missing_dq_amount_negative_1',","chan":"stdout","logger":"task"}
{"timestamp":"2025-09-18T11:32:57.346528Z","level":"info","event":"       'dq_missing_dq_currency_invalid_1', 'booking_id_2', 'customer_id_2',","chan":"stdout","logger":"task"}
{"timestamp":"2025-09-18T11:32:57.346674Z","level":"info","event":"       'hotel_id_2', 'created_at_2', 'checkin_date_2', 'checkout_date_2',","chan":"stdout","logger":"task"}
{"timestamp":"2025-09-18T11:32:57.346791Z","level":"info","event":"       'nights_2', 'currency_2', 'total_amount_2', 'status_2', 'source_2',","chan":"stdout","logger":"task"}
{"timestamp":"2025-09-18T11:32:57.346915Z","level":"info","event":"       'ingestion_date_2', 'dq_date_inverted_2', 'dq_amount_negative_2',","chan":"stdout","logger":"task"}
{"timestamp":"2025-09-18T11:32:57.347031Z","level":"info","event":"       'dq_currency_invalid_2', 'dq_missing_booking_id_2',","chan":"stdout","logger":"task"}
{"timestamp":"2025-09-18T11:32:57.347169Z","level":"info","event":"       'dq_missing_customer_id_2', 'dq_missing_hotel_id_2',","chan":"stdout","logger":"task"}
{"timestamp":"2025-09-18T11:32:57.347332Z","level":"info","event":"       'dq_missing_room_id_2', 'dq_missing_created_at_2',","chan":"stdout","logger":"task"}
{"timestamp":"2025-09-18T11:32:57.347490Z","level":"info","event":"       'dq_missing_checkin_date_2', 'dq_missing_checkout_date_2',","chan":"stdout","logger":"task"}
{"timestamp":"2025-09-18T11:32:57.347608Z","level":"info","event":"       'dq_missing_nights_2', 'dq_missing_currency_2',","chan":"stdout","logger":"task"}
{"timestamp":"2025-09-18T11:32:57.347700Z","level":"info","event":"       'dq_missing_total_amount_2', 'dq_missing_status_2',","chan":"stdout","logger":"task"}
{"timestamp":"2025-09-18T11:32:57.347972Z","level":"info","event":"       'dq_missing_source_2', 'dq_missing_ingestion_date_2',","chan":"stdout","logger":"task"}
{"timestamp":"2025-09-18T11:32:57.348093Z","level":"info","event":"       'dq_missing_dq_date_inverted_2', 'dq_missing_dq_amount_negative_2',","chan":"stdout","logger":"task"}
{"timestamp":"2025-09-18T11:32:57.348237Z","level":"info","event":"       'dq_missing_dq_currency_invalid_2'],","chan":"stdout","logger":"task"}
{"timestamp":"2025-09-18T11:32:57.348379Z","level":"info","event":"      dtype='object')","chan":"stdout","logger":"task"}
{"timestamp":"2025-09-18T11:32:57.409509Z","level":"info","event":"  Generati 4418 avvisi di overbooking","chan":"stdout","logger":"task"}
{"timestamp":"2025-09-18T11:32:57.409829Z","level":"info","event":"Calcolo KPI Customer Value...","chan":"stdout","logger":"task"}
{"timestamp":"2025-09-18T11:32:57.410032Z","level":"info","event":"Colonne bookings_df: Index(['booking_id', 'customer_id', 'hotel_id', 'room_id', 'created_at',","chan":"stdout","logger":"task"}
{"timestamp":"2025-09-18T11:32:57.410154Z","level":"info","event":"       'checkin_date', 'checkout_date', 'nights', 'currency', 'total_amount',","chan":"stdout","logger":"task"}
{"timestamp":"2025-09-18T11:32:57.410250Z","level":"info","event":"       'status', 'source', 'ingestion_date', 'dq_date_inverted',","chan":"stdout","logger":"task"}
{"timestamp":"2025-09-18T11:32:57.410393Z","level":"info","event":"       'dq_amount_negative', 'dq_currency_invalid', 'dq_missing_booking_id',","chan":"stdout","logger":"task"}
{"timestamp":"2025-09-18T11:32:57.410738Z","level":"info","event":"       'dq_missing_customer_id', 'dq_missing_hotel_id', 'dq_missing_room_id',","chan":"stdout","logger":"task"}
{"timestamp":"2025-09-18T11:32:57.410876Z","level":"info","event":"       'dq_missing_created_at', 'dq_missing_checkin_date',","chan":"stdout","logger":"task"}
{"timestamp":"2025-09-18T11:32:57.411071Z","level":"info","event":"       'dq_missing_checkout_date', 'dq_missing_nights', 'dq_missing_currency',","chan":"stdout","logger":"task"}
{"timestamp":"2025-09-18T11:32:57.411240Z","level":"info","event":"       'dq_missing_total_amount', 'dq_missing_status', 'dq_missing_source',","chan":"stdout","logger":"task"}
{"timestamp":"2025-09-18T11:32:57.411400Z","level":"info","event":"       'dq_missing_ingestion_date', 'dq_missing_dq_date_inverted',","chan":"stdout","logger":"task"}
{"timestamp":"2025-09-18T11:32:57.411531Z","level":"info","event":"       'dq_missing_dq_amount_negative', 'dq_missing_dq_currency_invalid'],","chan":"stdout","logger":"task"}
{"timestamp":"2025-09-18T11:32:57.411651Z","level":"info","event":"      dtype='object')","chan":"stdout","logger":"task"}
{"timestamp":"2025-09-18T11:32:57.413191Z","level":"info","event":"  Generati 2586 record di valore cliente","chan":"stdout","logger":"task"}
{"timestamp":"2025-09-18T11:32:57.413479Z","level":"info","event":"Salvataggio risultati KPI nel livello Gold...","chan":"stdout","logger":"task"}
{"timestamp":"2025-09-18T11:32:57.414580","level":"info","event":"Request URL: 'https://iulianoprojectwork.blob.core.windows.net/gold/2025-09-18/daily_revenue.parquet'\nRequest method: 'PUT'\nRequest headers:\n    'Content-Length': '5555'\n    'x-ms-blob-type': 'REDACTED'\n    'x-ms-version': 'REDACTED'\n    'Content-Type': 'application/octet-stream'\n    'Accept': 'application/xml'\n    'User-Agent': 'azsdk-python-storage-blob/12.26.0 Python/3.12.11 (Linux-6.6.87.2-microsoft-standard-WSL2-x86_64-with-glibc2.36)'\n    'x-ms-date': 'REDACTED'\n    'x-ms-client-request-id': '3975f614-9483-11f0-9d1a-f21cf29515df'\n    'Authorization': 'REDACTED'\nA body is sent with the request","logger":"azure.core.pipeline.policies.http_logging_policy"}
{"timestamp":"2025-09-18T11:32:57.449633","level":"info","event":"Response status: 201\nResponse headers:\n    'Content-Length': '0'\n    'Content-MD5': 'REDACTED'\n    'Last-Modified': 'Thu, 18 Sep 2025 11:32:56 GMT'\n    'ETag': '\"0x8DDF6A71D4A33C8\"'\n    'Server': 'Windows-Azure-Blob/1.0 Microsoft-HTTPAPI/2.0'\n    'x-ms-request-id': '99b7dfca-d01e-0083-6e8f-28249c000000'\n    'x-ms-client-request-id': '3975f614-9483-11f0-9d1a-f21cf29515df'\n    'x-ms-version': 'REDACTED'\n    'x-ms-content-crc64': 'REDACTED'\n    'x-ms-request-server-encrypted': 'REDACTED'\n    'Date': 'Thu, 18 Sep 2025 11:32:56 GMT'","logger":"azure.core.pipeline.policies.http_logging_policy"}
{"timestamp":"2025-09-18T11:32:57.450122Z","level":"info","event":"Scrittura completata di 2025-09-18/daily_revenue.parquet","chan":"stdout","logger":"task"}
{"timestamp":"2025-09-18T11:32:57.451208","level":"info","event":"Request URL: 'https://iulianoprojectwork.blob.core.windows.net/gold/2025-09-18/cancellation_rate.parquet'\nRequest method: 'PUT'\nRequest headers:\n    'Content-Length': '3061'\n    'x-ms-blob-type': 'REDACTED'\n    'x-ms-version': 'REDACTED'\n    'Content-Type': 'application/octet-stream'\n    'Accept': 'application/xml'\n    'User-Agent': 'azsdk-python-storage-blob/12.26.0 Python/3.12.11 (Linux-6.6.87.2-microsoft-standard-WSL2-x86_64-with-glibc2.36)'\n    'x-ms-date': 'REDACTED'\n    'x-ms-client-request-id': '397b8d5e-9483-11f0-9d1a-f21cf29515df'\n    'Authorization': 'REDACTED'\nA body is sent with the request","logger":"azure.core.pipeline.policies.http_logging_policy"}
{"timestamp":"2025-09-18T11:32:57.485593","level":"info","event":"Response status: 201\nResponse headers:\n    'Content-Length': '0'\n    'Content-MD5': 'REDACTED'\n    'Last-Modified': 'Thu, 18 Sep 2025 11:32:56 GMT'\n    'ETag': '\"0x8DDF6A71D4FB9B8\"'\n    'Server': 'Windows-Azure-Blob/1.0 Microsoft-HTTPAPI/2.0'\n    'x-ms-request-id': '99b7dfcd-d01e-0083-718f-28249c000000'\n    'x-ms-client-request-id': '397b8d5e-9483-11f0-9d1a-f21cf29515df'\n    'x-ms-version': 'REDACTED'\n    'x-ms-content-crc64': 'REDACTED'\n    'x-ms-request-server-encrypted': 'REDACTED'\n    'Date': 'Thu, 18 Sep 2025 11:32:56 GMT'","logger":"azure.core.pipeline.policies.http_logging_policy"}
{"timestamp":"2025-09-18T11:32:57.486004Z","level":"info","event":"Scrittura completata di 2025-09-18/cancellation_rate.parquet","chan":"stdout","logger":"task"}
{"timestamp":"2025-09-18T11:32:57.487106","level":"info","event":"Request URL: 'https://iulianoprojectwork.blob.core.windows.net/gold/2025-09-18/collection_rate.parquet'\nRequest method: 'PUT'\nRequest headers:\n    'Content-Length': '3253'\n    'x-ms-blob-type': 'REDACTED'\n    'x-ms-version': 'REDACTED'\n    'Content-Type': 'application/octet-stream'\n    'Accept': 'application/xml'\n    'User-Agent': 'azsdk-python-storage-blob/12.26.0 Python/3.12.11 (Linux-6.6.87.2-microsoft-standard-WSL2-x86_64-with-glibc2.36)'\n    'x-ms-date': 'REDACTED'\n    'x-ms-client-request-id': '3981082e-9483-11f0-9d1a-f21cf29515df'\n    'Authorization': 'REDACTED'\nA body is sent with the request","logger":"azure.core.pipeline.policies.http_logging_policy"}
{"timestamp":"2025-09-18T11:32:57.521539","level":"info","event":"Response status: 201\nResponse headers:\n    'Content-Length': '0'\n    'Content-MD5': 'REDACTED'\n    'Last-Modified': 'Thu, 18 Sep 2025 11:32:56 GMT'\n    'ETag': '\"0x8DDF6A71D5533B8\"'\n    'Server': 'Windows-Azure-Blob/1.0 Microsoft-HTTPAPI/2.0'\n    'x-ms-request-id': '99b7dfd2-d01e-0083-768f-28249c000000'\n    'x-ms-client-request-id': '3981082e-9483-11f0-9d1a-f21cf29515df'\n    'x-ms-version': 'REDACTED'\n    'x-ms-content-crc64': 'REDACTED'\n    'x-ms-request-server-encrypted': 'REDACTED'\n    'Date': 'Thu, 18 Sep 2025 11:32:56 GMT'","logger":"azure.core.pipeline.policies.http_logging_policy"}
{"timestamp":"2025-09-18T11:32:57.522059Z","level":"info","event":"Scrittura completata di 2025-09-18/collection_rate.parquet","chan":"stdout","logger":"task"}
{"timestamp":"2025-09-18T11:32:57.526676","level":"info","event":"Request URL: 'https://iulianoprojectwork.blob.core.windows.net/gold/2025-09-18/overbooking_alerts.parquet'\nRequest method: 'PUT'\nRequest headers:\n    'Content-Length': '57748'\n    'x-ms-blob-type': 'REDACTED'\n    'x-ms-version': 'REDACTED'\n    'Content-Type': 'application/octet-stream'\n    'Accept': 'application/xml'\n    'User-Agent': 'azsdk-python-storage-blob/12.26.0 Python/3.12.11 (Linux-6.6.87.2-microsoft-standard-WSL2-x86_64-with-glibc2.36)'\n    'x-ms-date': 'REDACTED'\n    'x-ms-client-request-id': '39871034-9483-11f0-9d1a-f21cf29515df'\n    'Authorization': 'REDACTED'\nA body is sent with the request","logger":"azure.core.pipeline.policies.http_logging_policy"}
{"timestamp":"2025-09-18T11:32:57.564223","level":"info","event":"Response status: 201\nResponse headers:\n    'Content-Length': '0'\n    'Content-MD5': 'REDACTED'\n    'Last-Modified': 'Thu, 18 Sep 2025 11:32:56 GMT'\n    'ETag': '\"0x8DDF6A71D5B824C\"'\n    'Server': 'Windows-Azure-Blob/1.0 Microsoft-HTTPAPI/2.0'\n    'x-ms-request-id': '99b7dfd5-d01e-0083-788f-28249c000000'\n    'x-ms-client-request-id': '39871034-9483-11f0-9d1a-f21cf29515df'\n    'x-ms-version': 'REDACTED'\n    'x-ms-content-crc64': 'REDACTED'\n    'x-ms-request-server-encrypted': 'REDACTED'\n    'Date': 'Thu, 18 Sep 2025 11:32:56 GMT'","logger":"azure.core.pipeline.policies.http_logging_policy"}
{"timestamp":"2025-09-18T11:32:57.564775Z","level":"info","event":"Scrittura completata di 2025-09-18/overbooking_alerts.parquet","chan":"stdout","logger":"task"}
{"timestamp":"2025-09-18T11:32:57.567158","level":"info","event":"Request URL: 'https://iulianoprojectwork.blob.core.windows.net/gold/2025-09-18/customer_value.parquet'\nRequest method: 'PUT'\nRequest headers:\n    'Content-Length': '53558'\n    'x-ms-blob-type': 'REDACTED'\n    'x-ms-version': 'REDACTED'\n    'Content-Type': 'application/octet-stream'\n    'Accept': 'application/xml'\n    'User-Agent': 'azsdk-python-storage-blob/12.26.0 Python/3.12.11 (Linux-6.6.87.2-microsoft-standard-WSL2-x86_64-with-glibc2.36)'\n    'x-ms-date': 'REDACTED'\n    'x-ms-client-request-id': '398d3f0e-9483-11f0-9d1a-f21cf29515df'\n    'Authorization': 'REDACTED'\nA body is sent with the request","logger":"azure.core.pipeline.policies.http_logging_policy"}
{"timestamp":"2025-09-18T11:32:57.603240","level":"info","event":"Response status: 201\nResponse headers:\n    'Content-Length': '0'\n    'Content-MD5': 'REDACTED'\n    'Last-Modified': 'Thu, 18 Sep 2025 11:32:56 GMT'\n    'ETag': '\"0x8DDF6A71D61ABB8\"'\n    'Server': 'Windows-Azure-Blob/1.0 Microsoft-HTTPAPI/2.0'\n    'x-ms-request-id': '99b7dfd7-d01e-0083-7a8f-28249c000000'\n    'x-ms-client-request-id': '398d3f0e-9483-11f0-9d1a-f21cf29515df'\n    'x-ms-version': 'REDACTED'\n    'x-ms-content-crc64': 'REDACTED'\n    'x-ms-request-server-encrypted': 'REDACTED'\n    'Date': 'Thu, 18 Sep 2025 11:32:56 GMT'","logger":"azure.core.pipeline.policies.http_logging_policy"}
{"timestamp":"2025-09-18T11:32:57.603821Z","level":"info","event":"Scrittura completata di 2025-09-18/customer_value.parquet","chan":"stdout","logger":"task"}
{"timestamp":"2025-09-18T11:32:57.604018Z","level":"info","event":"Trasformazioni livello Gold completate!","chan":"stdout","logger":"task"}
{"timestamp":"2025-09-18T11:32:57.609008","level":"info","event":"Done. Returned value was: None","logger":"airflow.task.operators.airflow.providers.standard.operators.python.PythonOperator"}
{"timestamp":"2025-09-18T11:32:57.619437Z","level":"info","event":"Task instance in success state","chan":"stdout","logger":"task"}
{"timestamp":"2025-09-18T11:32:57.619717Z","level":"info","event":" Previous state of the Task instance: TaskInstanceState.RUNNING","chan":"stdout","logger":"task"}
{"timestamp":"2025-09-18T11:32:57.619937Z","level":"info","event":"Task operator:<Task(PythonOperator): gold_etl>","chan":"stdout","logger":"task"}
