{"timestamp":"2025-09-18T10:48:19.913250","level":"info","event":"DAG bundles loaded: dags-folder, example_dags","logger":"airflow.dag_processing.bundles.manager.DagBundlesManager"}
{"timestamp":"2025-09-18T10:48:19.914026","level":"info","event":"Filling up the DagBag from /opt/airflow/dags/pipeline.py","logger":"airflow.models.dagbag.DagBag"}
{"timestamp":"2025-09-18T10:48:19.937567Z","level":"info","event":"Task instance is in running state","chan":"stdout","logger":"task"}
{"timestamp":"2025-09-18T10:48:19.937951Z","level":"info","event":" Previous state of the Task instance: TaskInstanceState.QUEUED","chan":"stdout","logger":"task"}
{"timestamp":"2025-09-18T10:48:19.938215Z","level":"info","event":"Current task name:gold_etl","chan":"stdout","logger":"task"}
{"timestamp":"2025-09-18T10:48:19.938406Z","level":"info","event":"Dag name:etl_pipeline_dag","chan":"stdout","logger":"task"}
{"timestamp":"2025-09-18T10:48:20.028874Z","level":"info","event":"Elaborazione dati per la data: 2025-09-18","chan":"stdout","logger":"task"}
{"timestamp":"2025-09-18T10:48:20.029130Z","level":"info","event":"Caricamento dati hotels...","chan":"stdout","logger":"task"}
{"timestamp":"2025-09-18T10:48:20.029779","level":"info","event":"Request URL: 'https://iulianoprojectwork.blob.core.windows.net/silver/2025-09-18/hotels.parquet'\nRequest method: 'GET'\nRequest headers:\n    'x-ms-range': 'REDACTED'\n    'x-ms-version': 'REDACTED'\n    'Accept': 'application/xml'\n    'User-Agent': 'azsdk-python-storage-blob/12.26.0 Python/3.12.11 (Linux-6.6.87.2-microsoft-standard-WSL2-x86_64-with-glibc2.36)'\n    'x-ms-date': 'REDACTED'\n    'x-ms-client-request-id': 'fd9d6d62-947c-11f0-b9e9-f21cf29515df'\n    'Authorization': 'REDACTED'\nNo body was attached to the request","logger":"azure.core.pipeline.policies.http_logging_policy"}
{"timestamp":"2025-09-18T10:48:20.170005","level":"info","event":"Response status: 206\nResponse headers:\n    'Content-Length': '6127'\n    'Content-Type': 'application/octet-stream'\n    'Content-Range': 'REDACTED'\n    'Last-Modified': 'Thu, 18 Sep 2025 10:48:18 GMT'\n    'Accept-Ranges': 'REDACTED'\n    'ETag': '\"0x8DDF6A0E09F4328\"'\n    'Server': 'Windows-Azure-Blob/1.0 Microsoft-HTTPAPI/2.0'\n    'x-ms-request-id': 'e3bc780b-201e-00e5-5489-286bbc000000'\n    'x-ms-client-request-id': 'fd9d6d62-947c-11f0-b9e9-f21cf29515df'\n    'x-ms-version': 'REDACTED'\n    'x-ms-resource-type': 'REDACTED'\n    'x-ms-creation-time': 'REDACTED'\n    'x-ms-blob-content-md5': 'REDACTED'\n    'x-ms-lease-status': 'REDACTED'\n    'x-ms-lease-state': 'REDACTED'\n    'x-ms-blob-type': 'REDACTED'\n    'x-ms-server-encrypted': 'REDACTED'\n    'x-ms-owner': 'REDACTED'\n    'x-ms-group': 'REDACTED'\n    'x-ms-permissions': 'REDACTED'\n    'x-ms-acl': 'REDACTED'\n    'Date': 'Thu, 18 Sep 2025 10:48:18 GMT'","logger":"azure.core.pipeline.policies.http_logging_policy"}
{"timestamp":"2025-09-18T10:48:20.200494Z","level":"info","event":"  Caricati 7 record da hotels","chan":"stdout","logger":"task"}
{"timestamp":"2025-09-18T10:48:20.200887Z","level":"info","event":"  Colonne: ['hotel_id', 'hotel_name', 'stars', 'country', 'ingestion_date', 'dq_missing_hotel_id', 'dq_missing_hotel_name', 'dq_missing_stars', 'dq_missing_country', 'dq_missing_ingestion_date']","chan":"stdout","logger":"task"}
{"timestamp":"2025-09-18T10:48:20.202999Z","level":"info","event":"  Tipi: hotel_id                     object","chan":"stdout","logger":"task"}
{"timestamp":"2025-09-18T10:48:20.203254Z","level":"info","event":"hotel_name                   object","chan":"stdout","logger":"task"}
{"timestamp":"2025-09-18T10:48:20.203487Z","level":"info","event":"stars                         int64","chan":"stdout","logger":"task"}
{"timestamp":"2025-09-18T10:48:20.203693Z","level":"info","event":"country                      object","chan":"stdout","logger":"task"}
{"timestamp":"2025-09-18T10:48:20.203895Z","level":"info","event":"ingestion_date               object","chan":"stdout","logger":"task"}
{"timestamp":"2025-09-18T10:48:20.204089Z","level":"info","event":"dq_missing_hotel_id            bool","chan":"stdout","logger":"task"}
{"timestamp":"2025-09-18T10:48:20.204353Z","level":"info","event":"dq_missing_hotel_name          bool","chan":"stdout","logger":"task"}
{"timestamp":"2025-09-18T10:48:20.204639Z","level":"info","event":"dq_missing_stars               bool","chan":"stdout","logger":"task"}
{"timestamp":"2025-09-18T10:48:20.204889Z","level":"info","event":"dq_missing_country             bool","chan":"stdout","logger":"task"}
{"timestamp":"2025-09-18T10:48:20.205111Z","level":"info","event":"dq_missing_ingestion_date      bool","chan":"stdout","logger":"task"}
{"timestamp":"2025-09-18T10:48:20.205319Z","level":"info","event":"dtype: object","chan":"stdout","logger":"task"}
{"timestamp":"2025-09-18T10:48:20.205543Z","level":"info","event":"Caricamento dati rooms...","chan":"stdout","logger":"task"}
{"timestamp":"2025-09-18T10:48:20.203574","level":"info","event":"Request URL: 'https://iulianoprojectwork.blob.core.windows.net/silver/2025-09-18/rooms.parquet'\nRequest method: 'GET'\nRequest headers:\n    'x-ms-range': 'REDACTED'\n    'x-ms-version': 'REDACTED'\n    'Accept': 'application/xml'\n    'User-Agent': 'azsdk-python-storage-blob/12.26.0 Python/3.12.11 (Linux-6.6.87.2-microsoft-standard-WSL2-x86_64-with-glibc2.36)'\n    'x-ms-date': 'REDACTED'\n    'x-ms-client-request-id': 'fdb7f9de-947c-11f0-b9e9-f21cf29515df'\n    'Authorization': 'REDACTED'\nNo body was attached to the request","logger":"azure.core.pipeline.policies.http_logging_policy"}
{"timestamp":"2025-09-18T10:48:20.233708","level":"info","event":"Response status: 206\nResponse headers:\n    'Content-Length': '8532'\n    'Content-Type': 'application/octet-stream'\n    'Content-Range': 'REDACTED'\n    'Last-Modified': 'Thu, 18 Sep 2025 10:48:18 GMT'\n    'Accept-Ranges': 'REDACTED'\n    'ETag': '\"0x8DDF6A0E0A569F4\"'\n    'Server': 'Windows-Azure-Blob/1.0 Microsoft-HTTPAPI/2.0'\n    'x-ms-request-id': 'e3bc7815-201e-00e5-5989-286bbc000000'\n    'x-ms-client-request-id': 'fdb7f9de-947c-11f0-b9e9-f21cf29515df'\n    'x-ms-version': 'REDACTED'\n    'x-ms-resource-type': 'REDACTED'\n    'x-ms-creation-time': 'REDACTED'\n    'x-ms-blob-content-md5': 'REDACTED'\n    'x-ms-lease-status': 'REDACTED'\n    'x-ms-lease-state': 'REDACTED'\n    'x-ms-blob-type': 'REDACTED'\n    'x-ms-server-encrypted': 'REDACTED'\n    'x-ms-owner': 'REDACTED'\n    'x-ms-group': 'REDACTED'\n    'x-ms-permissions': 'REDACTED'\n    'x-ms-acl': 'REDACTED'\n    'Date': 'Thu, 18 Sep 2025 10:48:18 GMT'","logger":"azure.core.pipeline.policies.http_logging_policy"}
{"timestamp":"2025-09-18T10:48:20.237146Z","level":"info","event":"  Caricati 200 record da rooms","chan":"stdout","logger":"task"}
{"timestamp":"2025-09-18T10:48:20.237436Z","level":"info","event":"  Colonne: ['room_id', 'hotel_id', 'room_type_code', 'room_type_desc', 'max_occupancy', 'ingestion_date', 'dq_missing_room_id', 'dq_missing_hotel_id', 'dq_missing_room_type_code', 'dq_missing_room_type_desc', 'dq_missing_max_occupancy', 'dq_missing_ingestion_date']","chan":"stdout","logger":"task"}
{"timestamp":"2025-09-18T10:48:20.237704Z","level":"info","event":"  Tipi: room_id                      object","chan":"stdout","logger":"task"}
{"timestamp":"2025-09-18T10:48:20.237912Z","level":"info","event":"hotel_id                     object","chan":"stdout","logger":"task"}
{"timestamp":"2025-09-18T10:48:20.238115Z","level":"info","event":"room_type_code               object","chan":"stdout","logger":"task"}
{"timestamp":"2025-09-18T10:48:20.238300Z","level":"info","event":"room_type_desc               object","chan":"stdout","logger":"task"}
{"timestamp":"2025-09-18T10:48:20.238482Z","level":"info","event":"max_occupancy                 int64","chan":"stdout","logger":"task"}
{"timestamp":"2025-09-18T10:48:20.238695Z","level":"info","event":"ingestion_date               object","chan":"stdout","logger":"task"}
{"timestamp":"2025-09-18T10:48:20.238927Z","level":"info","event":"dq_missing_room_id             bool","chan":"stdout","logger":"task"}
{"timestamp":"2025-09-18T10:48:20.239113Z","level":"info","event":"dq_missing_hotel_id            bool","chan":"stdout","logger":"task"}
{"timestamp":"2025-09-18T10:48:20.239353Z","level":"info","event":"dq_missing_room_type_code      bool","chan":"stdout","logger":"task"}
{"timestamp":"2025-09-18T10:48:20.239554Z","level":"info","event":"dq_missing_room_type_desc      bool","chan":"stdout","logger":"task"}
{"timestamp":"2025-09-18T10:48:20.239730Z","level":"info","event":"dq_missing_max_occupancy       bool","chan":"stdout","logger":"task"}
{"timestamp":"2025-09-18T10:48:20.239884Z","level":"info","event":"dq_missing_ingestion_date      bool","chan":"stdout","logger":"task"}
{"timestamp":"2025-09-18T10:48:20.240036Z","level":"info","event":"dtype: object","chan":"stdout","logger":"task"}
{"timestamp":"2025-09-18T10:48:20.240195Z","level":"info","event":"Caricamento dati customers...","chan":"stdout","logger":"task"}
{"timestamp":"2025-09-18T10:48:20.238170","level":"info","event":"Request URL: 'https://iulianoprojectwork.blob.core.windows.net/silver/2025-09-18/customers.parquet'\nRequest method: 'GET'\nRequest headers:\n    'x-ms-range': 'REDACTED'\n    'x-ms-version': 'REDACTED'\n    'Accept': 'application/xml'\n    'User-Agent': 'azsdk-python-storage-blob/12.26.0 Python/3.12.11 (Linux-6.6.87.2-microsoft-standard-WSL2-x86_64-with-glibc2.36)'\n    'x-ms-date': 'REDACTED'\n    'x-ms-client-request-id': 'fdbd42a4-947c-11f0-b9e9-f21cf29515df'\n    'Authorization': 'REDACTED'\nNo body was attached to the request","logger":"azure.core.pipeline.policies.http_logging_policy"}
{"timestamp":"2025-09-18T10:48:20.274012","level":"info","event":"Response status: 206\nResponse headers:\n    'Content-Length': '50036'\n    'Content-Type': 'application/octet-stream'\n    'Content-Range': 'REDACTED'\n    'Last-Modified': 'Thu, 18 Sep 2025 10:48:18 GMT'\n    'Accept-Ranges': 'REDACTED'\n    'ETag': '\"0x8DDF6A0E0AE9790\"'\n    'Server': 'Windows-Azure-Blob/1.0 Microsoft-HTTPAPI/2.0'\n    'x-ms-request-id': 'e3bc781b-201e-00e5-5f89-286bbc000000'\n    'x-ms-client-request-id': 'fdbd42a4-947c-11f0-b9e9-f21cf29515df'\n    'x-ms-version': 'REDACTED'\n    'x-ms-resource-type': 'REDACTED'\n    'x-ms-creation-time': 'REDACTED'\n    'x-ms-blob-content-md5': 'REDACTED'\n    'x-ms-lease-status': 'REDACTED'\n    'x-ms-lease-state': 'REDACTED'\n    'x-ms-blob-type': 'REDACTED'\n    'x-ms-server-encrypted': 'REDACTED'\n    'x-ms-owner': 'REDACTED'\n    'x-ms-group': 'REDACTED'\n    'x-ms-permissions': 'REDACTED'\n    'x-ms-acl': 'REDACTED'\n    'Date': 'Thu, 18 Sep 2025 10:48:18 GMT'","logger":"azure.core.pipeline.policies.http_logging_policy"}
{"timestamp":"2025-09-18T10:48:20.296276Z","level":"info","event":"  Caricati 3000 record da customers","chan":"stdout","logger":"task"}
{"timestamp":"2025-09-18T10:48:20.296658Z","level":"info","event":"  Colonne: ['customer_id', 'first_name', 'last_name', 'email', 'country', 'gdpr_optin', 'ingestion_date', 'dq_email_null', 'dq_missing_customer_id', 'dq_missing_first_name', 'dq_missing_last_name', 'dq_missing_email', 'dq_missing_country', 'dq_missing_gdpr_optin', 'dq_missing_ingestion_date', 'dq_missing_dq_email_null']","chan":"stdout","logger":"task"}
{"timestamp":"2025-09-18T10:48:20.296960Z","level":"info","event":"  Tipi: customer_id                  object","chan":"stdout","logger":"task"}
{"timestamp":"2025-09-18T10:48:20.297169Z","level":"info","event":"first_name                   object","chan":"stdout","logger":"task"}
{"timestamp":"2025-09-18T10:48:20.297390Z","level":"info","event":"last_name                    object","chan":"stdout","logger":"task"}
{"timestamp":"2025-09-18T10:48:20.297558Z","level":"info","event":"email                        object","chan":"stdout","logger":"task"}
{"timestamp":"2025-09-18T10:48:20.297747Z","level":"info","event":"country                      object","chan":"stdout","logger":"task"}
{"timestamp":"2025-09-18T10:48:20.297919Z","level":"info","event":"gdpr_optin                    int64","chan":"stdout","logger":"task"}
{"timestamp":"2025-09-18T10:48:20.298072Z","level":"info","event":"ingestion_date               object","chan":"stdout","logger":"task"}
{"timestamp":"2025-09-18T10:48:20.298237Z","level":"info","event":"dq_email_null                  bool","chan":"stdout","logger":"task"}
{"timestamp":"2025-09-18T10:48:20.298402Z","level":"info","event":"dq_missing_customer_id         bool","chan":"stdout","logger":"task"}
{"timestamp":"2025-09-18T10:48:20.298548Z","level":"info","event":"dq_missing_first_name          bool","chan":"stdout","logger":"task"}
{"timestamp":"2025-09-18T10:48:20.298691Z","level":"info","event":"dq_missing_last_name           bool","chan":"stdout","logger":"task"}
{"timestamp":"2025-09-18T10:48:20.298833Z","level":"info","event":"dq_missing_email               bool","chan":"stdout","logger":"task"}
{"timestamp":"2025-09-18T10:48:20.298973Z","level":"info","event":"dq_missing_country             bool","chan":"stdout","logger":"task"}
{"timestamp":"2025-09-18T10:48:20.299164Z","level":"info","event":"dq_missing_gdpr_optin          bool","chan":"stdout","logger":"task"}
{"timestamp":"2025-09-18T10:48:20.299357Z","level":"info","event":"dq_missing_ingestion_date      bool","chan":"stdout","logger":"task"}
{"timestamp":"2025-09-18T10:48:20.299516Z","level":"info","event":"dq_missing_dq_email_null       bool","chan":"stdout","logger":"task"}
{"timestamp":"2025-09-18T10:48:20.299669Z","level":"info","event":"dtype: object","chan":"stdout","logger":"task"}
{"timestamp":"2025-09-18T10:48:20.299818Z","level":"info","event":"Caricamento dati bookings...","chan":"stdout","logger":"task"}
{"timestamp":"2025-09-18T10:48:20.297153","level":"info","event":"Request URL: 'https://iulianoprojectwork.blob.core.windows.net/silver/2025-09-18/bookings.parquet'\nRequest method: 'GET'\nRequest headers:\n    'x-ms-range': 'REDACTED'\n    'x-ms-version': 'REDACTED'\n    'Accept': 'application/xml'\n    'User-Agent': 'azsdk-python-storage-blob/12.26.0 Python/3.12.11 (Linux-6.6.87.2-microsoft-standard-WSL2-x86_64-with-glibc2.36)'\n    'x-ms-date': 'REDACTED'\n    'x-ms-client-request-id': 'fdc642be-947c-11f0-b9e9-f21cf29515df'\n    'Authorization': 'REDACTED'\nNo body was attached to the request","logger":"azure.core.pipeline.policies.http_logging_policy"}
{"timestamp":"2025-09-18T10:48:20.332624","level":"info","event":"Response status: 206\nResponse headers:\n    'Content-Length': '152628'\n    'Content-Type': 'application/octet-stream'\n    'Content-Range': 'REDACTED'\n    'Last-Modified': 'Thu, 18 Sep 2025 10:48:18 GMT'\n    'Accept-Ranges': 'REDACTED'\n    'ETag': '\"0x8DDF6A0E0B8C5DC\"'\n    'Server': 'Windows-Azure-Blob/1.0 Microsoft-HTTPAPI/2.0'\n    'x-ms-request-id': 'e3bc7823-201e-00e5-6789-286bbc000000'\n    'x-ms-client-request-id': 'fdc642be-947c-11f0-b9e9-f21cf29515df'\n    'x-ms-version': 'REDACTED'\n    'x-ms-resource-type': 'REDACTED'\n    'x-ms-creation-time': 'REDACTED'\n    'x-ms-blob-content-md5': 'REDACTED'\n    'x-ms-lease-status': 'REDACTED'\n    'x-ms-lease-state': 'REDACTED'\n    'x-ms-blob-type': 'REDACTED'\n    'x-ms-server-encrypted': 'REDACTED'\n    'x-ms-owner': 'REDACTED'\n    'x-ms-group': 'REDACTED'\n    'x-ms-permissions': 'REDACTED'\n    'x-ms-acl': 'REDACTED'\n    'Date': 'Thu, 18 Sep 2025 10:48:18 GMT'","logger":"azure.core.pipeline.policies.http_logging_policy"}
{"timestamp":"2025-09-18T10:48:20.383365Z","level":"info","event":"  Caricati 6000 record da bookings","chan":"stdout","logger":"task"}
{"timestamp":"2025-09-18T10:48:20.384995Z","level":"info","event":"  Colonne: ['booking_id', 'customer_id', 'hotel_id', 'room_id', 'created_at', 'checkin_date', 'checkout_date', 'nights', 'currency', 'total_amount', 'status', 'source', 'ingestion_date', 'dq_date_inverted', 'dq_amount_negative', 'dq_currency_invalid', 'dq_missing_booking_id', 'dq_missing_customer_id', 'dq_missing_hotel_id', 'dq_missing_room_id', 'dq_missing_created_at', 'dq_missing_checkin_date', 'dq_missing_checkout_date', 'dq_missing_nights', 'dq_missing_currency', 'dq_missing_total_amount', 'dq_missing_status', 'dq_missing_source', 'dq_missing_ingestion_date', 'dq_missing_dq_date_inverted', 'dq_missing_dq_amount_negative', 'dq_missing_dq_currency_invalid']","chan":"stdout","logger":"task"}
{"timestamp":"2025-09-18T10:48:20.385335Z","level":"info","event":"  Tipi: booking_id                         object","chan":"stdout","logger":"task"}
{"timestamp":"2025-09-18T10:48:20.385525Z","level":"info","event":"customer_id                        object","chan":"stdout","logger":"task"}
{"timestamp":"2025-09-18T10:48:20.385667Z","level":"info","event":"hotel_id                           object","chan":"stdout","logger":"task"}
{"timestamp":"2025-09-18T10:48:20.385792Z","level":"info","event":"room_id                            object","chan":"stdout","logger":"task"}
{"timestamp":"2025-09-18T10:48:20.385925Z","level":"info","event":"created_at                         object","chan":"stdout","logger":"task"}
{"timestamp":"2025-09-18T10:48:20.386050Z","level":"info","event":"checkin_date                       object","chan":"stdout","logger":"task"}
{"timestamp":"2025-09-18T10:48:20.386174Z","level":"info","event":"checkout_date                      object","chan":"stdout","logger":"task"}
{"timestamp":"2025-09-18T10:48:20.386296Z","level":"info","event":"nights                              int64","chan":"stdout","logger":"task"}
{"timestamp":"2025-09-18T10:48:20.386438Z","level":"info","event":"currency                           object","chan":"stdout","logger":"task"}
{"timestamp":"2025-09-18T10:48:20.386626Z","level":"info","event":"total_amount                      float64","chan":"stdout","logger":"task"}
{"timestamp":"2025-09-18T10:48:20.386776Z","level":"info","event":"status                             object","chan":"stdout","logger":"task"}
{"timestamp":"2025-09-18T10:48:20.386942Z","level":"info","event":"source                             object","chan":"stdout","logger":"task"}
{"timestamp":"2025-09-18T10:48:20.387084Z","level":"info","event":"ingestion_date                     object","chan":"stdout","logger":"task"}
{"timestamp":"2025-09-18T10:48:20.387210Z","level":"info","event":"dq_date_inverted                     bool","chan":"stdout","logger":"task"}
{"timestamp":"2025-09-18T10:48:20.387335Z","level":"info","event":"dq_amount_negative                   bool","chan":"stdout","logger":"task"}
{"timestamp":"2025-09-18T10:48:20.387471Z","level":"info","event":"dq_currency_invalid                  bool","chan":"stdout","logger":"task"}
{"timestamp":"2025-09-18T10:48:20.387597Z","level":"info","event":"dq_missing_booking_id                bool","chan":"stdout","logger":"task"}
{"timestamp":"2025-09-18T10:48:20.387720Z","level":"info","event":"dq_missing_customer_id               bool","chan":"stdout","logger":"task"}
{"timestamp":"2025-09-18T10:48:20.387859Z","level":"info","event":"dq_missing_hotel_id                  bool","chan":"stdout","logger":"task"}
{"timestamp":"2025-09-18T10:48:20.388019Z","level":"info","event":"dq_missing_room_id                   bool","chan":"stdout","logger":"task"}
{"timestamp":"2025-09-18T10:48:20.388152Z","level":"info","event":"dq_missing_created_at                bool","chan":"stdout","logger":"task"}
{"timestamp":"2025-09-18T10:48:20.388275Z","level":"info","event":"dq_missing_checkin_date              bool","chan":"stdout","logger":"task"}
{"timestamp":"2025-09-18T10:48:20.388399Z","level":"info","event":"dq_missing_checkout_date             bool","chan":"stdout","logger":"task"}
{"timestamp":"2025-09-18T10:48:20.388536Z","level":"info","event":"dq_missing_nights                    bool","chan":"stdout","logger":"task"}
{"timestamp":"2025-09-18T10:48:20.388685Z","level":"info","event":"dq_missing_currency                  bool","chan":"stdout","logger":"task"}
{"timestamp":"2025-09-18T10:48:20.388821Z","level":"info","event":"dq_missing_total_amount              bool","chan":"stdout","logger":"task"}
{"timestamp":"2025-09-18T10:48:20.388946Z","level":"info","event":"dq_missing_status                    bool","chan":"stdout","logger":"task"}
{"timestamp":"2025-09-18T10:48:20.389076Z","level":"info","event":"dq_missing_source                    bool","chan":"stdout","logger":"task"}
{"timestamp":"2025-09-18T10:48:20.389203Z","level":"info","event":"dq_missing_ingestion_date            bool","chan":"stdout","logger":"task"}
{"timestamp":"2025-09-18T10:48:20.389454Z","level":"info","event":"dq_missing_dq_date_inverted          bool","chan":"stdout","logger":"task"}
{"timestamp":"2025-09-18T10:48:20.389617Z","level":"info","event":"dq_missing_dq_amount_negative        bool","chan":"stdout","logger":"task"}
{"timestamp":"2025-09-18T10:48:20.389745Z","level":"info","event":"dq_missing_dq_currency_invalid       bool","chan":"stdout","logger":"task"}
{"timestamp":"2025-09-18T10:48:20.389864Z","level":"info","event":"dtype: object","chan":"stdout","logger":"task"}
{"timestamp":"2025-09-18T10:48:20.389980Z","level":"info","event":"Caricamento dati payments...","chan":"stdout","logger":"task"}
{"timestamp":"2025-09-18T10:48:20.384310","level":"info","event":"Request URL: 'https://iulianoprojectwork.blob.core.windows.net/silver/2025-09-18/payments.parquet'\nRequest method: 'GET'\nRequest headers:\n    'x-ms-range': 'REDACTED'\n    'x-ms-version': 'REDACTED'\n    'Accept': 'application/xml'\n    'User-Agent': 'azsdk-python-storage-blob/12.26.0 Python/3.12.11 (Linux-6.6.87.2-microsoft-standard-WSL2-x86_64-with-glibc2.36)'\n    'x-ms-date': 'REDACTED'\n    'x-ms-client-request-id': 'fdd38f5a-947c-11f0-b9e9-f21cf29515df'\n    'Authorization': 'REDACTED'\nNo body was attached to the request","logger":"azure.core.pipeline.policies.http_logging_policy"}
{"timestamp":"2025-09-18T10:48:20.427138","level":"info","event":"Response status: 206\nResponse headers:\n    'Content-Length': '137419'\n    'Content-Type': 'application/octet-stream'\n    'Content-Range': 'REDACTED'\n    'Last-Modified': 'Thu, 18 Sep 2025 10:48:18 GMT'\n    'Accept-Ranges': 'REDACTED'\n    'ETag': '\"0x8DDF6A0E0BFAA2C\"'\n    'Server': 'Windows-Azure-Blob/1.0 Microsoft-HTTPAPI/2.0'\n    'x-ms-request-id': 'e3bc782d-201e-00e5-7089-286bbc000000'\n    'x-ms-client-request-id': 'fdd38f5a-947c-11f0-b9e9-f21cf29515df'\n    'x-ms-version': 'REDACTED'\n    'x-ms-resource-type': 'REDACTED'\n    'x-ms-creation-time': 'REDACTED'\n    'x-ms-blob-content-md5': 'REDACTED'\n    'x-ms-lease-status': 'REDACTED'\n    'x-ms-lease-state': 'REDACTED'\n    'x-ms-blob-type': 'REDACTED'\n    'x-ms-server-encrypted': 'REDACTED'\n    'x-ms-owner': 'REDACTED'\n    'x-ms-group': 'REDACTED'\n    'x-ms-permissions': 'REDACTED'\n    'x-ms-acl': 'REDACTED'\n    'Date': 'Thu, 18 Sep 2025 10:48:18 GMT'","logger":"azure.core.pipeline.policies.http_logging_policy"}
{"timestamp":"2025-09-18T10:48:20.451323Z","level":"info","event":"  Caricati 4595 record da payments","chan":"stdout","logger":"task"}
{"timestamp":"2025-09-18T10:48:20.457380Z","level":"info","event":"  Colonne: ['payment_id', 'booking_id', 'provider', 'status', 'amount', 'currency', 'transaction_date', 'ingestion_date', 'dq_orphan', 'dq_over_amount', 'dq_currency_invalid', 'dq_missing_payment_id', 'dq_missing_booking_id', 'dq_missing_provider', 'dq_missing_status', 'dq_missing_amount', 'dq_missing_currency', 'dq_missing_transaction_date', 'dq_missing_ingestion_date', 'dq_missing_dq_orphan', 'dq_missing_dq_over_amount', 'dq_missing_dq_currency_invalid']","chan":"stdout","logger":"task"}
{"timestamp":"2025-09-18T10:48:20.457774Z","level":"info","event":"  Tipi: payment_id                         object","chan":"stdout","logger":"task"}
{"timestamp":"2025-09-18T10:48:20.457993Z","level":"info","event":"booking_id                         object","chan":"stdout","logger":"task"}
{"timestamp":"2025-09-18T10:48:20.458166Z","level":"info","event":"provider                           object","chan":"stdout","logger":"task"}
{"timestamp":"2025-09-18T10:48:20.458370Z","level":"info","event":"status                             object","chan":"stdout","logger":"task"}
{"timestamp":"2025-09-18T10:48:20.458555Z","level":"info","event":"amount                            float64","chan":"stdout","logger":"task"}
{"timestamp":"2025-09-18T10:48:20.458799Z","level":"info","event":"currency                           object","chan":"stdout","logger":"task"}
{"timestamp":"2025-09-18T10:48:20.458962Z","level":"info","event":"transaction_date                   object","chan":"stdout","logger":"task"}
{"timestamp":"2025-09-18T10:48:20.459195Z","level":"info","event":"ingestion_date                     object","chan":"stdout","logger":"task"}
{"timestamp":"2025-09-18T10:48:20.459433Z","level":"info","event":"dq_orphan                            bool","chan":"stdout","logger":"task"}
{"timestamp":"2025-09-18T10:48:20.459578Z","level":"info","event":"dq_over_amount                       bool","chan":"stdout","logger":"task"}
{"timestamp":"2025-09-18T10:48:20.459796Z","level":"info","event":"dq_currency_invalid                  bool","chan":"stdout","logger":"task"}
{"timestamp":"2025-09-18T10:48:20.460125Z","level":"info","event":"dq_missing_payment_id                bool","chan":"stdout","logger":"task"}
{"timestamp":"2025-09-18T10:48:20.460364Z","level":"info","event":"dq_missing_booking_id                bool","chan":"stdout","logger":"task"}
{"timestamp":"2025-09-18T10:48:20.460656Z","level":"info","event":"dq_missing_provider                  bool","chan":"stdout","logger":"task"}
{"timestamp":"2025-09-18T10:48:20.460868Z","level":"info","event":"dq_missing_status                    bool","chan":"stdout","logger":"task"}
{"timestamp":"2025-09-18T10:48:20.461016Z","level":"info","event":"dq_missing_amount                    bool","chan":"stdout","logger":"task"}
{"timestamp":"2025-09-18T10:48:20.461168Z","level":"info","event":"dq_missing_currency                  bool","chan":"stdout","logger":"task"}
{"timestamp":"2025-09-18T10:48:20.461437Z","level":"info","event":"dq_missing_transaction_date          bool","chan":"stdout","logger":"task"}
{"timestamp":"2025-09-18T10:48:20.461814Z","level":"info","event":"dq_missing_ingestion_date            bool","chan":"stdout","logger":"task"}
{"timestamp":"2025-09-18T10:48:20.461999Z","level":"info","event":"dq_missing_dq_orphan                 bool","chan":"stdout","logger":"task"}
{"timestamp":"2025-09-18T10:48:20.462386Z","level":"info","event":"dq_missing_dq_over_amount            bool","chan":"stdout","logger":"task"}
{"timestamp":"2025-09-18T10:48:20.462656Z","level":"info","event":"dq_missing_dq_currency_invalid       bool","chan":"stdout","logger":"task"}
{"timestamp":"2025-09-18T10:48:20.463043Z","level":"info","event":"dtype: object","chan":"stdout","logger":"task"}
{"timestamp":"2025-09-18T10:48:20.460648","level":"info","event":"Request URL: 'https://iulianoprojectwork.blob.core.windows.net/gold/2025-09-18/bookings.parquet'\nRequest method: 'PUT'\nRequest headers:\n    'Content-Length': '87916'\n    'x-ms-blob-type': 'REDACTED'\n    'x-ms-version': 'REDACTED'\n    'Content-Type': 'application/octet-stream'\n    'Accept': 'application/xml'\n    'User-Agent': 'azsdk-python-storage-blob/12.26.0 Python/3.12.11 (Linux-6.6.87.2-microsoft-standard-WSL2-x86_64-with-glibc2.36)'\n    'x-ms-date': 'REDACTED'\n    'x-ms-client-request-id': 'fddf33fa-947c-11f0-b9e9-f21cf29515df'\n    'Authorization': 'REDACTED'\nA body is sent with the request","logger":"azure.core.pipeline.policies.http_logging_policy"}
{"timestamp":"2025-09-18T10:48:20.534540","level":"info","event":"Response status: 201\nResponse headers:\n    'Content-Length': '0'\n    'Content-MD5': 'REDACTED'\n    'Last-Modified': 'Thu, 18 Sep 2025 10:48:19 GMT'\n    'ETag': '\"0x8DDF6A0E1BB8F44\"'\n    'Server': 'Windows-Azure-Blob/1.0 Microsoft-HTTPAPI/2.0'\n    'x-ms-request-id': 'e3bc7836-201e-00e5-7989-286bbc000000'\n    'x-ms-client-request-id': 'fddf33fa-947c-11f0-b9e9-f21cf29515df'\n    'x-ms-version': 'REDACTED'\n    'x-ms-content-crc64': 'REDACTED'\n    'x-ms-request-server-encrypted': 'REDACTED'\n    'Date': 'Thu, 18 Sep 2025 10:48:19 GMT'","logger":"azure.core.pipeline.policies.http_logging_policy"}
{"timestamp":"2025-09-18T10:48:20.537386Z","level":"info","event":"Scrittura completata di 2025-09-18/bookings.parquet","chan":"stdout","logger":"task"}
{"timestamp":"2025-09-18T10:48:20.537634Z","level":"info","event":"  bookings.parquet per ML salvato con 2956 righe","chan":"stdout","logger":"task"}
{"timestamp":"2025-09-18T10:48:20.537863Z","level":"info","event":"Calcolo KPI Daily Revenue...","chan":"stdout","logger":"task"}
{"timestamp":"2025-09-18T10:48:20.538026Z","level":"info","event":"Colonne bookings_df: Index(['booking_id', 'customer_id', 'hotel_id', 'room_id', 'created_at',","chan":"stdout","logger":"task"}
{"timestamp":"2025-09-18T10:48:20.538176Z","level":"info","event":"       'checkin_date', 'checkout_date', 'nights', 'currency', 'total_amount',","chan":"stdout","logger":"task"}
{"timestamp":"2025-09-18T10:48:20.538316Z","level":"info","event":"       'status', 'source', 'ingestion_date', 'dq_date_inverted',","chan":"stdout","logger":"task"}
{"timestamp":"2025-09-18T10:48:20.538458Z","level":"info","event":"       'dq_amount_negative', 'dq_currency_invalid', 'dq_missing_booking_id',","chan":"stdout","logger":"task"}
{"timestamp":"2025-09-18T10:48:20.538588Z","level":"info","event":"       'dq_missing_customer_id', 'dq_missing_hotel_id', 'dq_missing_room_id',","chan":"stdout","logger":"task"}
{"timestamp":"2025-09-18T10:48:20.538732Z","level":"info","event":"       'dq_missing_created_at', 'dq_missing_checkin_date',","chan":"stdout","logger":"task"}
{"timestamp":"2025-09-18T10:48:20.538920Z","level":"info","event":"       'dq_missing_checkout_date', 'dq_missing_nights', 'dq_missing_currency',","chan":"stdout","logger":"task"}
{"timestamp":"2025-09-18T10:48:20.539104Z","level":"info","event":"       'dq_missing_total_amount', 'dq_missing_status', 'dq_missing_source',","chan":"stdout","logger":"task"}
{"timestamp":"2025-09-18T10:48:20.539296Z","level":"info","event":"       'dq_missing_ingestion_date', 'dq_missing_dq_date_inverted',","chan":"stdout","logger":"task"}
{"timestamp":"2025-09-18T10:48:20.539496Z","level":"info","event":"       'dq_missing_dq_amount_negative', 'dq_missing_dq_currency_invalid'],","chan":"stdout","logger":"task"}
{"timestamp":"2025-09-18T10:48:20.539671Z","level":"info","event":"      dtype='object')","chan":"stdout","logger":"task"}
{"timestamp":"2025-09-18T10:48:20.542810Z","level":"info","event":"  Generati 226 record di ricavi giornalieri","chan":"stdout","logger":"task"}
{"timestamp":"2025-09-18T10:48:20.543088Z","level":"info","event":"Calcolo KPI Cancellation Rate by Source...","chan":"stdout","logger":"task"}
{"timestamp":"2025-09-18T10:48:20.547206Z","level":"info","event":"  Generati 5 record di tasso di cancellazione","chan":"stdout","logger":"task"}
{"timestamp":"2025-09-18T10:48:20.547550Z","level":"info","event":"Calcolo KPI Collection Rate...","chan":"stdout","logger":"task"}
{"timestamp":"2025-09-18T10:48:20.552174Z","level":"info","event":"Colonne collection_df: Index(['booking_id', 'customer_id', 'hotel_id', 'room_id', 'created_at',","chan":"stdout","logger":"task"}
{"timestamp":"2025-09-18T10:48:20.552439Z","level":"info","event":"       'checkin_date', 'checkout_date', 'nights', 'currency_booking',","chan":"stdout","logger":"task"}
{"timestamp":"2025-09-18T10:48:20.552682Z","level":"info","event":"       'total_amount', 'status_booking', 'source', 'ingestion_date_booking',","chan":"stdout","logger":"task"}
{"timestamp":"2025-09-18T10:48:20.552946Z","level":"info","event":"       'dq_date_inverted', 'dq_amount_negative', 'dq_currency_invalid_booking',","chan":"stdout","logger":"task"}
{"timestamp":"2025-09-18T10:48:20.553139Z","level":"info","event":"       'dq_missing_booking_id_booking', 'dq_missing_customer_id',","chan":"stdout","logger":"task"}
{"timestamp":"2025-09-18T10:48:20.553299Z","level":"info","event":"       'dq_missing_hotel_id', 'dq_missing_room_id', 'dq_missing_created_at',","chan":"stdout","logger":"task"}
{"timestamp":"2025-09-18T10:48:20.553512Z","level":"info","event":"       'dq_missing_checkin_date', 'dq_missing_checkout_date',","chan":"stdout","logger":"task"}
{"timestamp":"2025-09-18T10:48:20.553668Z","level":"info","event":"       'dq_missing_nights', 'dq_missing_currency_booking',","chan":"stdout","logger":"task"}
{"timestamp":"2025-09-18T10:48:20.553892Z","level":"info","event":"       'dq_missing_total_amount', 'dq_missing_status_booking',","chan":"stdout","logger":"task"}
{"timestamp":"2025-09-18T10:48:20.554096Z","level":"info","event":"       'dq_missing_source', 'dq_missing_ingestion_date_booking',","chan":"stdout","logger":"task"}
{"timestamp":"2025-09-18T10:48:20.554369Z","level":"info","event":"       'dq_missing_dq_date_inverted', 'dq_missing_dq_amount_negative',","chan":"stdout","logger":"task"}
{"timestamp":"2025-09-18T10:48:20.554556Z","level":"info","event":"       'dq_missing_dq_currency_invalid_booking', 'payment_id', 'provider',","chan":"stdout","logger":"task"}
{"timestamp":"2025-09-18T10:48:20.554705Z","level":"info","event":"       'status_payment', 'amount', 'currency_payment', 'transaction_date',","chan":"stdout","logger":"task"}
{"timestamp":"2025-09-18T10:48:20.554848Z","level":"info","event":"       'ingestion_date_payment', 'dq_orphan', 'dq_over_amount',","chan":"stdout","logger":"task"}
{"timestamp":"2025-09-18T10:48:20.555012Z","level":"info","event":"       'dq_currency_invalid_payment', 'dq_missing_payment_id',","chan":"stdout","logger":"task"}
{"timestamp":"2025-09-18T10:48:20.555141Z","level":"info","event":"       'dq_missing_booking_id_payment', 'dq_missing_provider',","chan":"stdout","logger":"task"}
{"timestamp":"2025-09-18T10:48:20.555305Z","level":"info","event":"       'dq_missing_status_payment', 'dq_missing_amount',","chan":"stdout","logger":"task"}
{"timestamp":"2025-09-18T10:48:20.555462Z","level":"info","event":"       'dq_missing_currency_payment', 'dq_missing_transaction_date',","chan":"stdout","logger":"task"}
{"timestamp":"2025-09-18T10:48:20.555637Z","level":"info","event":"       'dq_missing_ingestion_date_payment', 'dq_missing_dq_orphan',","chan":"stdout","logger":"task"}
{"timestamp":"2025-09-18T10:48:20.555771Z","level":"info","event":"       'dq_missing_dq_over_amount', 'dq_missing_dq_currency_invalid_payment'],","chan":"stdout","logger":"task"}
{"timestamp":"2025-09-18T10:48:20.555940Z","level":"info","event":"      dtype='object')","chan":"stdout","logger":"task"}
{"timestamp":"2025-09-18T10:48:20.568319Z","level":"info","event":"Prime righe collection_df:   booking_id  ... dq_missing_dq_currency_invalid_payment","chan":"stdout","logger":"task"}
{"timestamp":"2025-09-18T10:48:20.568626Z","level":"info","event":"0    B000003  ...                                  False","chan":"stdout","logger":"task"}
{"timestamp":"2025-09-18T10:48:20.568793Z","level":"info","event":"1    B000004  ...                                  False","chan":"stdout","logger":"task"}
{"timestamp":"2025-09-18T10:48:20.568892Z","level":"info","event":"2    B000005  ...                                  False","chan":"stdout","logger":"task"}
{"timestamp":"2025-09-18T10:48:20.568988Z","level":"info","event":"3    B000006  ...                                  False","chan":"stdout","logger":"task"}
{"timestamp":"2025-09-18T10:48:20.569166Z","level":"info","event":"4    B000006  ...                                  False","chan":"stdout","logger":"task"}
{"timestamp":"2025-09-18T10:48:20.569318Z","level":"info","event":"","chan":"stdout","logger":"task"}
{"timestamp":"2025-09-18T10:48:20.569469Z","level":"info","event":"[5 rows x 53 columns]","chan":"stdout","logger":"task"}
{"timestamp":"2025-09-18T10:48:20.569671Z","level":"info","event":"Valori unici dq_amount_negative: [False  True]","chan":"stdout","logger":"task"}
{"timestamp":"2025-09-18T10:48:20.569801Z","level":"info","event":"Conteggio True dq_amount_negative: 6 | False: 4559","chan":"stdout","logger":"task"}
{"timestamp":"2025-09-18T10:48:20.569919Z","level":"info","event":"Colonna dq_currency_invalid NON presente in collection_df","chan":"stdout","logger":"task"}
{"timestamp":"2025-09-18T10:48:20.570055Z","level":"info","event":"Valori unici dq_orphan: [False]","chan":"stdout","logger":"task"}
{"timestamp":"2025-09-18T10:48:20.570220Z","level":"info","event":"Conteggio True dq_orphan: 0 | False: 4565","chan":"stdout","logger":"task"}
{"timestamp":"2025-09-18T10:48:20.570363Z","level":"info","event":"Valori unici dq_over_amount: [False]","chan":"stdout","logger":"task"}
{"timestamp":"2025-09-18T10:48:20.570502Z","level":"info","event":"Conteggio True dq_over_amount: 0 | False: 4565","chan":"stdout","logger":"task"}
{"timestamp":"2025-09-18T10:48:20.570610Z","level":"info","event":"Valori unici dq_missing_total_amount: [False  True]","chan":"stdout","logger":"task"}
{"timestamp":"2025-09-18T10:48:20.570713Z","level":"info","event":"Conteggio True dq_missing_total_amount: 6 | False: 4559","chan":"stdout","logger":"task"}
{"timestamp":"2025-09-18T10:48:20.570798Z","level":"info","event":"Valori unici dq_missing_amount: [False]","chan":"stdout","logger":"task"}
{"timestamp":"2025-09-18T10:48:20.570901Z","level":"info","event":"Conteggio True dq_missing_amount: 0 | False: 4565","chan":"stdout","logger":"task"}
{"timestamp":"2025-09-18T10:48:20.572306Z","level":"info","event":"Righe dopo filtro: 4504","chan":"stdout","logger":"task"}
{"timestamp":"2025-09-18T10:48:20.585748Z","level":"info","event":"Prime righe valid_collection_df:   booking_id  ... dq_missing_dq_currency_invalid_payment","chan":"stdout","logger":"task"}
{"timestamp":"2025-09-18T10:48:20.586038Z","level":"info","event":"0    B000003  ...                                  False","chan":"stdout","logger":"task"}
{"timestamp":"2025-09-18T10:48:20.586498Z","level":"info","event":"1    B000004  ...                                  False","chan":"stdout","logger":"task"}
{"timestamp":"2025-09-18T10:48:20.586891Z","level":"info","event":"2    B000005  ...                                  False","chan":"stdout","logger":"task"}
{"timestamp":"2025-09-18T10:48:20.587161Z","level":"info","event":"3    B000006  ...                                  False","chan":"stdout","logger":"task"}
{"timestamp":"2025-09-18T10:48:20.587532Z","level":"info","event":"4    B000006  ...                                  False","chan":"stdout","logger":"task"}
{"timestamp":"2025-09-18T10:48:20.587871Z","level":"info","event":"","chan":"stdout","logger":"task"}
{"timestamp":"2025-09-18T10:48:20.588195Z","level":"info","event":"[5 rows x 53 columns]","chan":"stdout","logger":"task"}
{"timestamp":"2025-09-18T10:48:20.588610Z","level":"info","event":"Righe collection_result_df: 8","chan":"stdout","logger":"task"}
{"timestamp":"2025-09-18T10:48:20.588782Z","level":"info","event":"Prime righe collection_result_df:   hotel_id  total_bookings_value  total_payments_value  collection_rate","chan":"stdout","logger":"task"}
{"timestamp":"2025-09-18T10:48:20.588913Z","level":"info","event":"0     H001             284031.46             278483.12         0.980466","chan":"stdout","logger":"task"}
{"timestamp":"2025-09-18T10:48:20.589027Z","level":"info","event":"1     H002             291389.57             286660.88         0.983772","chan":"stdout","logger":"task"}
{"timestamp":"2025-09-18T10:48:20.589132Z","level":"info","event":"2     H003             297065.23             292016.84         0.983006","chan":"stdout","logger":"task"}
{"timestamp":"2025-09-18T10:48:20.589252Z","level":"info","event":"3     H004             286256.58             281760.85         0.984295","chan":"stdout","logger":"task"}
{"timestamp":"2025-09-18T10:48:20.589436Z","level":"info","event":"4     H005             275858.93             271923.01         0.985732","chan":"stdout","logger":"task"}
{"timestamp":"2025-09-18T10:48:20.589570Z","level":"info","event":"  Generati 8 record di tasso di incasso","chan":"stdout","logger":"task"}
{"timestamp":"2025-09-18T10:48:20.589735Z","level":"info","event":"Calcolo KPI Overbooking Alerts...","chan":"stdout","logger":"task"}
{"timestamp":"2025-09-18T10:48:20.661607Z","level":"info","event":"Colonne overbooking_df: Index(['booking_id_1', 'customer_id_1', 'hotel_id_1', 'room_id',","chan":"stdout","logger":"task"}
{"timestamp":"2025-09-18T10:48:20.661903Z","level":"info","event":"       'created_at_1', 'checkin_date_1', 'checkout_date_1', 'nights_1',","chan":"stdout","logger":"task"}
{"timestamp":"2025-09-18T10:48:20.662101Z","level":"info","event":"       'currency_1', 'total_amount_1', 'status_1', 'source_1',","chan":"stdout","logger":"task"}
{"timestamp":"2025-09-18T10:48:20.662419Z","level":"info","event":"       'ingestion_date_1', 'dq_date_inverted_1', 'dq_amount_negative_1',","chan":"stdout","logger":"task"}
{"timestamp":"2025-09-18T10:48:20.662585Z","level":"info","event":"       'dq_currency_invalid_1', 'dq_missing_booking_id_1',","chan":"stdout","logger":"task"}
{"timestamp":"2025-09-18T10:48:20.662820Z","level":"info","event":"       'dq_missing_customer_id_1', 'dq_missing_hotel_id_1',","chan":"stdout","logger":"task"}
{"timestamp":"2025-09-18T10:48:20.663011Z","level":"info","event":"       'dq_missing_room_id_1', 'dq_missing_created_at_1',","chan":"stdout","logger":"task"}
{"timestamp":"2025-09-18T10:48:20.663194Z","level":"info","event":"       'dq_missing_checkin_date_1', 'dq_missing_checkout_date_1',","chan":"stdout","logger":"task"}
{"timestamp":"2025-09-18T10:48:20.663349Z","level":"info","event":"       'dq_missing_nights_1', 'dq_missing_currency_1',","chan":"stdout","logger":"task"}
{"timestamp":"2025-09-18T10:48:20.663491Z","level":"info","event":"       'dq_missing_total_amount_1', 'dq_missing_status_1',","chan":"stdout","logger":"task"}
{"timestamp":"2025-09-18T10:48:20.663675Z","level":"info","event":"       'dq_missing_source_1', 'dq_missing_ingestion_date_1',","chan":"stdout","logger":"task"}
{"timestamp":"2025-09-18T10:48:20.663820Z","level":"info","event":"       'dq_missing_dq_date_inverted_1', 'dq_missing_dq_amount_negative_1',","chan":"stdout","logger":"task"}
{"timestamp":"2025-09-18T10:48:20.664063Z","level":"info","event":"       'dq_missing_dq_currency_invalid_1', 'booking_id_2', 'customer_id_2',","chan":"stdout","logger":"task"}
{"timestamp":"2025-09-18T10:48:20.664219Z","level":"info","event":"       'hotel_id_2', 'created_at_2', 'checkin_date_2', 'checkout_date_2',","chan":"stdout","logger":"task"}
{"timestamp":"2025-09-18T10:48:20.664393Z","level":"info","event":"       'nights_2', 'currency_2', 'total_amount_2', 'status_2', 'source_2',","chan":"stdout","logger":"task"}
{"timestamp":"2025-09-18T10:48:20.664570Z","level":"info","event":"       'ingestion_date_2', 'dq_date_inverted_2', 'dq_amount_negative_2',","chan":"stdout","logger":"task"}
{"timestamp":"2025-09-18T10:48:20.664711Z","level":"info","event":"       'dq_currency_invalid_2', 'dq_missing_booking_id_2',","chan":"stdout","logger":"task"}
{"timestamp":"2025-09-18T10:48:20.664843Z","level":"info","event":"       'dq_missing_customer_id_2', 'dq_missing_hotel_id_2',","chan":"stdout","logger":"task"}
{"timestamp":"2025-09-18T10:48:20.664952Z","level":"info","event":"       'dq_missing_room_id_2', 'dq_missing_created_at_2',","chan":"stdout","logger":"task"}
{"timestamp":"2025-09-18T10:48:20.665060Z","level":"info","event":"       'dq_missing_checkin_date_2', 'dq_missing_checkout_date_2',","chan":"stdout","logger":"task"}
{"timestamp":"2025-09-18T10:48:20.665175Z","level":"info","event":"       'dq_missing_nights_2', 'dq_missing_currency_2',","chan":"stdout","logger":"task"}
{"timestamp":"2025-09-18T10:48:20.665321Z","level":"info","event":"       'dq_missing_total_amount_2', 'dq_missing_status_2',","chan":"stdout","logger":"task"}
{"timestamp":"2025-09-18T10:48:20.665437Z","level":"info","event":"       'dq_missing_source_2', 'dq_missing_ingestion_date_2',","chan":"stdout","logger":"task"}
{"timestamp":"2025-09-18T10:48:20.665597Z","level":"info","event":"       'dq_missing_dq_date_inverted_2', 'dq_missing_dq_amount_negative_2',","chan":"stdout","logger":"task"}
{"timestamp":"2025-09-18T10:48:20.665708Z","level":"info","event":"       'dq_missing_dq_currency_invalid_2'],","chan":"stdout","logger":"task"}
{"timestamp":"2025-09-18T10:48:20.665823Z","level":"info","event":"      dtype='object')","chan":"stdout","logger":"task"}
{"timestamp":"2025-09-18T10:48:20.725775Z","level":"info","event":"  Generati 4418 avvisi di overbooking","chan":"stdout","logger":"task"}
{"timestamp":"2025-09-18T10:48:20.726036Z","level":"info","event":"Calcolo KPI Customer Value...","chan":"stdout","logger":"task"}
{"timestamp":"2025-09-18T10:48:20.726248Z","level":"info","event":"Colonne bookings_df: Index(['booking_id', 'customer_id', 'hotel_id', 'room_id', 'created_at',","chan":"stdout","logger":"task"}
{"timestamp":"2025-09-18T10:48:20.726363Z","level":"info","event":"       'checkin_date', 'checkout_date', 'nights', 'currency', 'total_amount',","chan":"stdout","logger":"task"}
{"timestamp":"2025-09-18T10:48:20.726460Z","level":"info","event":"       'status', 'source', 'ingestion_date', 'dq_date_inverted',","chan":"stdout","logger":"task"}
{"timestamp":"2025-09-18T10:48:20.726608Z","level":"info","event":"       'dq_amount_negative', 'dq_currency_invalid', 'dq_missing_booking_id',","chan":"stdout","logger":"task"}
{"timestamp":"2025-09-18T10:48:20.726758Z","level":"info","event":"       'dq_missing_customer_id', 'dq_missing_hotel_id', 'dq_missing_room_id',","chan":"stdout","logger":"task"}
{"timestamp":"2025-09-18T10:48:20.726859Z","level":"info","event":"       'dq_missing_created_at', 'dq_missing_checkin_date',","chan":"stdout","logger":"task"}
{"timestamp":"2025-09-18T10:48:20.726953Z","level":"info","event":"       'dq_missing_checkout_date', 'dq_missing_nights', 'dq_missing_currency',","chan":"stdout","logger":"task"}
{"timestamp":"2025-09-18T10:48:20.727048Z","level":"info","event":"       'dq_missing_total_amount', 'dq_missing_status', 'dq_missing_source',","chan":"stdout","logger":"task"}
{"timestamp":"2025-09-18T10:48:20.727138Z","level":"info","event":"       'dq_missing_ingestion_date', 'dq_missing_dq_date_inverted',","chan":"stdout","logger":"task"}
{"timestamp":"2025-09-18T10:48:20.727261Z","level":"info","event":"       'dq_missing_dq_amount_negative', 'dq_missing_dq_currency_invalid'],","chan":"stdout","logger":"task"}
{"timestamp":"2025-09-18T10:48:20.727418Z","level":"info","event":"      dtype='object')","chan":"stdout","logger":"task"}
{"timestamp":"2025-09-18T10:48:20.729017Z","level":"info","event":"  Generati 2586 record di valore cliente","chan":"stdout","logger":"task"}
{"timestamp":"2025-09-18T10:48:20.729634Z","level":"info","event":"Salvataggio risultati KPI nel livello Gold...","chan":"stdout","logger":"task"}
{"timestamp":"2025-09-18T10:48:20.730156","level":"info","event":"Request URL: 'https://iulianoprojectwork.blob.core.windows.net/gold/2025-09-18/daily_revenue.parquet'\nRequest method: 'PUT'\nRequest headers:\n    'Content-Length': '5555'\n    'x-ms-blob-type': 'REDACTED'\n    'x-ms-version': 'REDACTED'\n    'Content-Type': 'application/octet-stream'\n    'Accept': 'application/xml'\n    'User-Agent': 'azsdk-python-storage-blob/12.26.0 Python/3.12.11 (Linux-6.6.87.2-microsoft-standard-WSL2-x86_64-with-glibc2.36)'\n    'x-ms-date': 'REDACTED'\n    'x-ms-client-request-id': 'fe08549c-947c-11f0-b9e9-f21cf29515df'\n    'Authorization': 'REDACTED'\nA body is sent with the request","logger":"azure.core.pipeline.policies.http_logging_policy"}
{"timestamp":"2025-09-18T10:48:20.764921","level":"info","event":"Response status: 201\nResponse headers:\n    'Content-Length': '0'\n    'Content-MD5': 'REDACTED'\n    'Last-Modified': 'Thu, 18 Sep 2025 10:48:20 GMT'\n    'ETag': '\"0x8DDF6A0E1DECF48\"'\n    'Server': 'Windows-Azure-Blob/1.0 Microsoft-HTTPAPI/2.0'\n    'x-ms-request-id': 'e3bc7855-201e-00e5-1789-286bbc000000'\n    'x-ms-client-request-id': 'fe08549c-947c-11f0-b9e9-f21cf29515df'\n    'x-ms-version': 'REDACTED'\n    'x-ms-content-crc64': 'REDACTED'\n    'x-ms-request-server-encrypted': 'REDACTED'\n    'Date': 'Thu, 18 Sep 2025 10:48:19 GMT'","logger":"azure.core.pipeline.policies.http_logging_policy"}
{"timestamp":"2025-09-18T10:48:20.765397Z","level":"info","event":"Scrittura completata di 2025-09-18/daily_revenue.parquet","chan":"stdout","logger":"task"}
{"timestamp":"2025-09-18T10:48:20.766493","level":"info","event":"Request URL: 'https://iulianoprojectwork.blob.core.windows.net/gold/2025-09-18/cancellation_rate.parquet'\nRequest method: 'PUT'\nRequest headers:\n    'Content-Length': '3061'\n    'x-ms-blob-type': 'REDACTED'\n    'x-ms-version': 'REDACTED'\n    'Content-Type': 'application/octet-stream'\n    'Accept': 'application/xml'\n    'User-Agent': 'azsdk-python-storage-blob/12.26.0 Python/3.12.11 (Linux-6.6.87.2-microsoft-standard-WSL2-x86_64-with-glibc2.36)'\n    'x-ms-date': 'REDACTED'\n    'x-ms-client-request-id': 'fe0de114-947c-11f0-b9e9-f21cf29515df'\n    'Authorization': 'REDACTED'\nA body is sent with the request","logger":"azure.core.pipeline.policies.http_logging_policy"}
{"timestamp":"2025-09-18T10:48:20.798822","level":"info","event":"Response status: 201\nResponse headers:\n    'Content-Length': '0'\n    'Content-MD5': 'REDACTED'\n    'Last-Modified': 'Thu, 18 Sep 2025 10:48:20 GMT'\n    'ETag': '\"0x8DDF6A0E1E418FC\"'\n    'Server': 'Windows-Azure-Blob/1.0 Microsoft-HTTPAPI/2.0'\n    'x-ms-request-id': 'e3bc7857-201e-00e5-1989-286bbc000000'\n    'x-ms-client-request-id': 'fe0de114-947c-11f0-b9e9-f21cf29515df'\n    'x-ms-version': 'REDACTED'\n    'x-ms-content-crc64': 'REDACTED'\n    'x-ms-request-server-encrypted': 'REDACTED'\n    'Date': 'Thu, 18 Sep 2025 10:48:19 GMT'","logger":"azure.core.pipeline.policies.http_logging_policy"}
{"timestamp":"2025-09-18T10:48:20.799273Z","level":"info","event":"Scrittura completata di 2025-09-18/cancellation_rate.parquet","chan":"stdout","logger":"task"}
{"timestamp":"2025-09-18T10:48:20.800453","level":"info","event":"Request URL: 'https://iulianoprojectwork.blob.core.windows.net/gold/2025-09-18/collection_rate.parquet'\nRequest method: 'PUT'\nRequest headers:\n    'Content-Length': '3253'\n    'x-ms-blob-type': 'REDACTED'\n    'x-ms-version': 'REDACTED'\n    'Content-Type': 'application/octet-stream'\n    'Accept': 'application/xml'\n    'User-Agent': 'azsdk-python-storage-blob/12.26.0 Python/3.12.11 (Linux-6.6.87.2-microsoft-standard-WSL2-x86_64-with-glibc2.36)'\n    'x-ms-date': 'REDACTED'\n    'x-ms-client-request-id': 'fe130d92-947c-11f0-b9e9-f21cf29515df'\n    'Authorization': 'REDACTED'\nA body is sent with the request","logger":"azure.core.pipeline.policies.http_logging_policy"}
{"timestamp":"2025-09-18T10:48:20.833076","level":"info","event":"Response status: 201\nResponse headers:\n    'Content-Length': '0'\n    'Content-MD5': 'REDACTED'\n    'Last-Modified': 'Thu, 18 Sep 2025 10:48:20 GMT'\n    'ETag': '\"0x8DDF6A0E1E950C8\"'\n    'Server': 'Windows-Azure-Blob/1.0 Microsoft-HTTPAPI/2.0'\n    'x-ms-request-id': 'e3bc785e-201e-00e5-2089-286bbc000000'\n    'x-ms-client-request-id': 'fe130d92-947c-11f0-b9e9-f21cf29515df'\n    'x-ms-version': 'REDACTED'\n    'x-ms-content-crc64': 'REDACTED'\n    'x-ms-request-server-encrypted': 'REDACTED'\n    'Date': 'Thu, 18 Sep 2025 10:48:19 GMT'","logger":"azure.core.pipeline.policies.http_logging_policy"}
{"timestamp":"2025-09-18T10:48:20.833541Z","level":"info","event":"Scrittura completata di 2025-09-18/collection_rate.parquet","chan":"stdout","logger":"task"}
{"timestamp":"2025-09-18T10:48:20.837400","level":"info","event":"Request URL: 'https://iulianoprojectwork.blob.core.windows.net/gold/2025-09-18/overbooking_alerts.parquet'\nRequest method: 'PUT'\nRequest headers:\n    'Content-Length': '57748'\n    'x-ms-blob-type': 'REDACTED'\n    'x-ms-version': 'REDACTED'\n    'Content-Type': 'application/octet-stream'\n    'Accept': 'application/xml'\n    'User-Agent': 'azsdk-python-storage-blob/12.26.0 Python/3.12.11 (Linux-6.6.87.2-microsoft-standard-WSL2-x86_64-with-glibc2.36)'\n    'x-ms-date': 'REDACTED'\n    'x-ms-client-request-id': 'fe18b15c-947c-11f0-b9e9-f21cf29515df'\n    'Authorization': 'REDACTED'\nA body is sent with the request","logger":"azure.core.pipeline.policies.http_logging_policy"}
{"timestamp":"2025-09-18T10:48:20.870926","level":"info","event":"Response status: 201\nResponse headers:\n    'Content-Length': '0'\n    'Content-MD5': 'REDACTED'\n    'Last-Modified': 'Thu, 18 Sep 2025 10:48:20 GMT'\n    'ETag': '\"0x8DDF6A0E1EF1740\"'\n    'Server': 'Windows-Azure-Blob/1.0 Microsoft-HTTPAPI/2.0'\n    'x-ms-request-id': 'e3bc7860-201e-00e5-2289-286bbc000000'\n    'x-ms-client-request-id': 'fe18b15c-947c-11f0-b9e9-f21cf29515df'\n    'x-ms-version': 'REDACTED'\n    'x-ms-content-crc64': 'REDACTED'\n    'x-ms-request-server-encrypted': 'REDACTED'\n    'Date': 'Thu, 18 Sep 2025 10:48:19 GMT'","logger":"azure.core.pipeline.policies.http_logging_policy"}
{"timestamp":"2025-09-18T10:48:20.871695Z","level":"info","event":"Scrittura completata di 2025-09-18/overbooking_alerts.parquet","chan":"stdout","logger":"task"}
{"timestamp":"2025-09-18T10:48:20.873684","level":"info","event":"Request URL: 'https://iulianoprojectwork.blob.core.windows.net/gold/2025-09-18/customer_value.parquet'\nRequest method: 'PUT'\nRequest headers:\n    'Content-Length': '53558'\n    'x-ms-blob-type': 'REDACTED'\n    'x-ms-version': 'REDACTED'\n    'Content-Type': 'application/octet-stream'\n    'Accept': 'application/xml'\n    'User-Agent': 'azsdk-python-storage-blob/12.26.0 Python/3.12.11 (Linux-6.6.87.2-microsoft-standard-WSL2-x86_64-with-glibc2.36)'\n    'x-ms-date': 'REDACTED'\n    'x-ms-client-request-id': 'fe1e3cb2-947c-11f0-b9e9-f21cf29515df'\n    'Authorization': 'REDACTED'\nA body is sent with the request","logger":"azure.core.pipeline.policies.http_logging_policy"}
{"timestamp":"2025-09-18T10:48:20.907838","level":"info","event":"Response status: 201\nResponse headers:\n    'Content-Length': '0'\n    'Content-MD5': 'REDACTED'\n    'Last-Modified': 'Thu, 18 Sep 2025 10:48:20 GMT'\n    'ETag': '\"0x8DDF6A0E1F4BB50\"'\n    'Server': 'Windows-Azure-Blob/1.0 Microsoft-HTTPAPI/2.0'\n    'x-ms-request-id': 'e3bc7865-201e-00e5-2789-286bbc000000'\n    'x-ms-client-request-id': 'fe1e3cb2-947c-11f0-b9e9-f21cf29515df'\n    'x-ms-version': 'REDACTED'\n    'x-ms-content-crc64': 'REDACTED'\n    'x-ms-request-server-encrypted': 'REDACTED'\n    'Date': 'Thu, 18 Sep 2025 10:48:19 GMT'","logger":"azure.core.pipeline.policies.http_logging_policy"}
{"timestamp":"2025-09-18T10:48:20.908211Z","level":"info","event":"Scrittura completata di 2025-09-18/customer_value.parquet","chan":"stdout","logger":"task"}
{"timestamp":"2025-09-18T10:48:20.908525Z","level":"info","event":"Trasformazioni livello Gold completate!","chan":"stdout","logger":"task"}
{"timestamp":"2025-09-18T10:48:20.913554","level":"info","event":"Done. Returned value was: None","logger":"airflow.task.operators.airflow.providers.standard.operators.python.PythonOperator"}
{"timestamp":"2025-09-18T10:48:20.923673Z","level":"info","event":"Task instance in success state","chan":"stdout","logger":"task"}
{"timestamp":"2025-09-18T10:48:20.923900Z","level":"info","event":" Previous state of the Task instance: TaskInstanceState.RUNNING","chan":"stdout","logger":"task"}
{"timestamp":"2025-09-18T10:48:20.924117Z","level":"info","event":"Task operator:<Task(PythonOperator): gold_etl>","chan":"stdout","logger":"task"}
